This is XeTeX, Version 3.141592653-2.6-0.999998 (MiKTeX 26.2) (preloaded format=xelatex 2026.5.12)  15 MAY 2026 09:30
entering extended mode
 restricted \write18 enabled.
 %&-line parsing enabled.
**./archive_2025.tex
(archive_2025.tex
LaTeX2e <2025-11-01>
L3 programming layer <2026-03-20>

(C:\Users\jcarron\AppData\Local\Programs\MiKTeX\tex/latex/subfiles\subfiles.cls
Document Class: subfiles 2020/11/14 v2.2 Multi-file projects (class)
Preamble taken from file `archive.tex'
(C:\Users\jcarron\AppData\Local\Programs\MiKTeX\tex/latex/import\import.sty
Package: import 2020/04/01  v 6.2
)
(archive.tex
(C:\Users\jcarron\AppData\Local\Programs\MiKTeX\tex/latex/base\article.cls
Document Class: article 2025/01/22 v1.4n Standard LaTeX document class
(C:\Users\jcarron\AppData\Local\Programs\MiKTeX\tex/latex/base\size11.clo
File: size11.clo 2025/01/22 v1.4n Standard LaTeX file (size option)
)
\c@part=\count271
\c@section=\count272
\c@subsection=\count273
\c@subsubsection=\count274
\c@paragraph=\count275
\c@subparagraph=\count276
\c@figure=\count277
\c@table=\count278
\abovecaptionskip=\skip49
\belowcaptionskip=\skip50
\bibindent=\dimen150
)
(C:\Users\jcarron\AppData\Local\Programs\MiKTeX\tex/latex/geometry\geometry.sty
Package: geometry 2026/03/07 v6.0 Page Geometry
(C:\Users\jcarron\AppData\Local\Programs\MiKTeX\tex/latex/graphics\keyval.sty
Package: keyval 2022/05/29 v1.15 key=value parser (DPC)
\KV@toks@=\toks17
)
(C:\Users\jcarron\AppData\Local\Programs\MiKTeX\tex/generic/iftex\ifvtex.sty
Package: ifvtex 2019/10/25 v1.7 ifvtex legacy package. Use iftex instead.

(C:\Users\jcarron\AppData\Local\Programs\MiKTeX\tex/generic/iftex\iftex.sty
Package: iftex 2024/12/12 v1.0g TeX engine tests
))
\Gm@cnth=\count279
\Gm@cntv=\count280
\c@Gm@tempcnt=\count281
\Gm@bindingoffset=\dimen151
\Gm@wd@mp=\dimen152
\Gm@odd@mp=\dimen153
\Gm@even@mp=\dimen154
\Gm@layoutwidth=\dimen155
\Gm@layoutheight=\dimen156
\Gm@layouthoffset=\dimen157
\Gm@layoutvoffset=\dimen158
\Gm@dimlist=\toks18

(C:\Users\jcarron\AppData\Local\Programs\MiKTeX\tex/latex/geometry\geometry.cfg
))
(C:\Users\jcarron\AppData\Local\Programs\MiKTeX\tex/latex/graphics\graphicx.sty
Package: graphicx 2024/12/31 v1.2e Enhanced LaTeX Graphics (DPC,SPQR)

(C:\Users\jcarron\AppData\Local\Programs\MiKTeX\tex/latex/graphics\graphics.sty
Package: graphics 2024/08/06 v1.4g Standard LaTeX Graphics (DPC,SPQR)
(C:\Users\jcarron\AppData\Local\Programs\MiKTeX\tex/latex/graphics\trig.sty
Package: trig 2023/12/02 v1.11 sin cos tan (DPC)
)
(C:\Users\jcarron\AppData\Local\Programs\MiKTeX\tex/latex/graphics-cfg\graphics
.cfg
File: graphics.cfg 2016/06/04 v1.11 sample graphics configuration
)
Package graphics Info: Driver file: xetex.def on input line 106.

(C:\Users\jcarron\AppData\Local\Programs\MiKTeX\tex/latex/graphics-def\xetex.de
f
File: xetex.def 2025/11/01 v5.0p Graphics/color driver for xetex
))
\Gin@req@height=\dimen159
\Gin@req@width=\dimen160
)
(C:\Users\jcarron\AppData\Local\Programs\MiKTeX\tex/latex/xcolor\xcolor.sty
Package: xcolor 2024/09/29 v3.02 LaTeX color extensions (UK)

(C:\Users\jcarron\AppData\Local\Programs\MiKTeX\tex/latex/graphics-cfg\color.cf
g
File: color.cfg 2016/01/02 v1.6 sample color configuration
)
Package xcolor Info: Driver file: xetex.def on input line 274.

(C:\Users\jcarron\AppData\Local\Programs\MiKTeX\tex/latex/graphics\mathcolor.lt
x)
Package xcolor Info: Model `cmy' substituted by `cmy0' on input line 1349.
Package xcolor Info: Model `RGB' extended on input line 1365.
Package xcolor Info: Model `HTML' substituted by `rgb' on input line 1367.
Package xcolor Info: Model `Hsb' substituted by `hsb' on input line 1368.
Package xcolor Info: Model `tHsb' substituted by `hsb' on input line 1369.
Package xcolor Info: Model `HSB' substituted by `hsb' on input line 1370.
Package xcolor Info: Model `Gray' substituted by `gray' on input line 1371.
Package xcolor Info: Model `wave' substituted by `hsb' on input line 1372.
)
(C:\Users\jcarron\AppData\Local\Programs\MiKTeX\tex/latex/fancyhdr\fancyhdr.sty
Package: fancyhdr 2025/02/07 v5.2 Extensive control of page headers and footers

\f@nch@headwidth=\skip51
\f@nch@offset@elh=\skip52
\f@nch@offset@erh=\skip53
\f@nch@offset@olh=\skip54
\f@nch@offset@orh=\skip55
\f@nch@offset@elf=\skip56
\f@nch@offset@erf=\skip57
\f@nch@offset@olf=\skip58
\f@nch@offset@orf=\skip59
\f@nch@height=\skip60
\f@nch@footalignment=\skip61
\f@nch@widthL=\skip62
\f@nch@widthC=\skip63
\f@nch@widthR=\skip64
\@temptokenb=\toks19
) (C:\Users\jcarron\AppData\Local\Programs\MiKTeX\tex/latex/parskip\parskip.sty
Package: parskip 2021-03-14 v2.0h non-zero parskip adjustments

(C:\Users\jcarron\AppData\Local\Programs\MiKTeX\tex/latex/kvoptions\kvoptions.s
ty
Package: kvoptions 2022-06-15 v3.15 Key value format for package options (HO)

(C:\Users\jcarron\AppData\Local\Programs\MiKTeX\tex/generic/ltxcmds\ltxcmds.sty
Package: ltxcmds 2023-12-04 v1.26 LaTeX kernel commands for general use (HO)
)
(C:\Users\jcarron\AppData\Local\Programs\MiKTeX\tex/latex/kvsetkeys\kvsetkeys.s
ty
Package: kvsetkeys 2022-10-05 v1.19 Key value parser (HO)
))
(C:\Users\jcarron\AppData\Local\Programs\MiKTeX\tex/latex/etoolbox\etoolbox.sty
Package: etoolbox 2025/10/02 v2.5m e-TeX tools for LaTeX (JAW)
\etb@tempcnta=\count282
))
(C:\Users\jcarron\AppData\Local\Programs\MiKTeX\tex/latex/ragged2e\ragged2e.sty
Package: ragged2e 2023/06/22 v3.6 ragged2e Package
\CenteringLeftskip=\skip65
\RaggedLeftLeftskip=\skip66
\RaggedRightLeftskip=\skip67
\CenteringRightskip=\skip68
\RaggedLeftRightskip=\skip69
\RaggedRightRightskip=\skip70
\CenteringParfillskip=\skip71
\RaggedLeftParfillskip=\skip72
\RaggedRightParfillskip=\skip73
\JustifyingParfillskip=\skip74
\CenteringParindent=\skip75
\RaggedLeftParindent=\skip76
\RaggedRightParindent=\skip77
\JustifyingParindent=\skip78
)
(C:\Users\jcarron\AppData\Local\Programs\MiKTeX\tex/latex/fontspec\fontspec.sty

(C:\Users\jcarron\AppData\Local\Programs\MiKTeX\tex/latex/l3packages/xparse\xpa
rse.sty
(C:\Users\jcarron\AppData\Local\Programs\MiKTeX\tex/latex/l3kernel\expl3.sty
Package: expl3 2026-03-20 L3 programming layer (loader) 

(C:\Users\jcarron\AppData\Local\Programs\MiKTeX\tex/latex/l3backend\l3backend-x
etex.def
File: l3backend-xetex.def 2026-02-18 L3 backend support: XeTeX
\g__graphics_track_int=\count283
\g__pdfannot_backend_int=\count284
\g__pdfannot_backend_link_int=\count285
))
Package: xparse 2025-10-09 L3 Experimental document command parser
)
Package: fontspec 2025/09/29 v2.9g Font selection for XeLaTeX and LuaLaTeX

(C:\Users\jcarron\AppData\Local\Programs\MiKTeX\tex/latex/fontspec\fontspec-xet
ex.sty
Package: fontspec-xetex 2025/09/29 v2.9g Font selection for XeLaTeX and LuaLaTe
X
\l__fontspec_script_int=\count286
\l__fontspec_language_int=\count287
\l__fontspec_strnum_int=\count288
\l__fontspec_tmp_int=\count289
\l__fontspec_tmpa_int=\count290
\l__fontspec_tmpb_int=\count291
\l__fontspec_tmpc_int=\count292
\l__fontspec_em_int=\count293
\l__fontspec_emdef_int=\count294
\l__fontspec_strong_int=\count295
\l__fontspec_strongdef_int=\count296
\l__fontspec_tmpa_dim=\dimen161
\l__fontspec_tmpb_dim=\dimen162
\l__fontspec_tmpc_dim=\dimen163

(C:\Users\jcarron\AppData\Local\Programs\MiKTeX\tex/latex/base\fontenc.sty
Package: fontenc 2025/07/18 v2.1d Standard LaTeX package
)
(C:\Users\jcarron\AppData\Local\Programs\MiKTeX\tex/latex/fontspec\fontspec.cfg
)))
(C:\Users\jcarron\AppData\Local\Programs\MiKTeX\tex/latex/lastpage\lastpage.sty
Package: lastpage 2025/08/14 v2.1h lastpage: 2.09 or 2e? (HMM)

(C:\Users\jcarron\AppData\Local\Programs\MiKTeX\tex/latex/lastpage\lastpage2e.s
ty
Package: lastpage2e 2025/08/14 v2.1h Decide which 2e lastpage version to use (H
MM)

(C:\Users\jcarron\AppData\Local\Programs\MiKTeX\tex/latex/lastpage\lastpagemode
rn.sty
Package: lastpagemodern 2025-08-14 v2.1h Refers to last page's name (HMM; JPG)
\c@lastpagecount=\count297
) 
))
(C:\Users\jcarron\AppData\Local\Programs\MiKTeX\tex/latex/subfiles\subfiles.sty
Package: subfiles 2020/11/14 v2.2 Multi-file projects (package)
)

Package fontspec Info: 
(fontspec)             Font family 'Arial(0)' created for font 'Arial' with
(fontspec)             options [Ligatures=TeX].
(fontspec)              
(fontspec)              This font family consists of the following NFSS
(fontspec)             series/shapes:
(fontspec)              
(fontspec)             - 'normal' (m/n) with NFSS spec.:
(fontspec)             <->"Arial/OT:script=latn;language=dflt;mapping=tex-text;
"
(fontspec)             - 'small caps'  (m/sc) with NFSS spec.:
(fontspec)             <->"Arial/OT:script=latn;language=dflt;+smcp;mapping=tex
-text;"
(fontspec)             - 'bold' (b/n) with NFSS spec.:
(fontspec)             <->"Arial/B/OT:script=latn;language=dflt;mapping=tex-tex
t;"
(fontspec)             - 'bold small caps'  (b/sc) with NFSS spec.:
(fontspec)             <->"Arial/B/OT:script=latn;language=dflt;+smcp;mapping=t
ex-text;"
(fontspec)             - 'italic' (m/it) with NFSS spec.:
(fontspec)             <->"Arial/I/OT:script=latn;language=dflt;mapping=tex-tex
t;"
(fontspec)             - 'italic small caps'  (m/scit) with NFSS spec.:
(fontspec)             <->"Arial/I/OT:script=latn;language=dflt;+smcp;mapping=t
ex-text;"
(fontspec)             - 'bold italic' (b/it) with NFSS spec.:
(fontspec)             <->"Arial/BI/OT:script=latn;language=dflt;mapping=tex-te
xt;"
(fontspec)             - 'bold italic small caps'  (b/scit) with NFSS spec.:
(fontspec)             <->"Arial/BI/OT:script=latn;language=dflt;+smcp;mapping=
tex-text;"

)) (archive_2025.aux)
\openout1 = `archive_2025.aux'.

LaTeX Font Info:    Checking defaults for OML/cmm/m/it on input line 2.
LaTeX Font Info:    ... okay on input line 2.
LaTeX Font Info:    Checking defaults for OMS/cmsy/m/n on input line 2.
LaTeX Font Info:    ... okay on input line 2.
LaTeX Font Info:    Checking defaults for OT1/cmr/m/n on input line 2.
LaTeX Font Info:    ... okay on input line 2.
LaTeX Font Info:    Checking defaults for T1/cmr/m/n on input line 2.
LaTeX Font Info:    ... okay on input line 2.
LaTeX Font Info:    Checking defaults for TS1/cmr/m/n on input line 2.
LaTeX Font Info:    ... okay on input line 2.
LaTeX Font Info:    Checking defaults for TU/lmr/m/n on input line 2.
LaTeX Font Info:    ... okay on input line 2.
LaTeX Font Info:    Checking defaults for OMX/cmex/m/n on input line 2.
LaTeX Font Info:    ... okay on input line 2.
LaTeX Font Info:    Checking defaults for U/cmr/m/n on input line 2.
LaTeX Font Info:    ... okay on input line 2.

*geometry* driver: auto-detecting
*geometry* detected driver: xetex
*geometry* verbose mode - [ preamble ] result:
* driver: xetex
* paper: a5paper
* layout: <same size as paper>
* layoutoffset:(h,v)=(0.0pt,0.0pt)
* modes: 
* h-part:(L,W,R)=(51.21495pt, 318.67088pt, 51.21495pt)
* v-part:(T,H,B)=(51.21495pt, 483.69687pt, 62.59605pt)
* \paperwidth=421.10078pt
* \paperheight=597.50787pt
* \textwidth=318.67088pt
* \textheight=483.69687pt
* \oddsidemargin=-21.05504pt
* \evensidemargin=-21.05504pt
* \topmargin=-58.05504pt
* \headheight=12.0pt
* \headsep=25.0pt
* \topskip=11.0pt
* \footskip=28.45274pt
* \marginparwidth=59.0pt
* \marginparsep=10.0pt
* \columnsep=10.0pt
* \skip\footins=10.0pt plus 4.0pt minus 2.0pt
* \hoffset=0.0pt
* \voffset=0.0pt
* \mag=1000
* \@twocolumnfalse
* \@twosidefalse
* \@mparswitchfalse
* \@reversemarginfalse
* (1in=72.27pt=25.4mm, 1cm=28.453pt)


Package fontspec Info: 
(fontspec)             Adjusting the maths setup (use [no-math] to avoid
(fontspec)             this).

\symlegacymaths=\mathgroup4
LaTeX Font Info:    Overwriting symbol font `legacymaths' in version `bold'
(Font)                  OT1/cmr/m/n --> OT1/cmr/bx/n on input line 2.
LaTeX Font Info:    Redeclaring math accent \acute on input line 2.
LaTeX Font Info:    Redeclaring math accent \grave on input line 2.
LaTeX Font Info:    Redeclaring math accent \ddot on input line 2.
LaTeX Font Info:    Redeclaring math accent \tilde on input line 2.
LaTeX Font Info:    Redeclaring math accent \bar on input line 2.
LaTeX Font Info:    Redeclaring math accent \breve on input line 2.
LaTeX Font Info:    Redeclaring math accent \check on input line 2.
LaTeX Font Info:    Redeclaring math accent \hat on input line 2.
LaTeX Font Info:    Redeclaring math accent \dot on input line 2.
LaTeX Font Info:    Redeclaring math accent \mathring on input line 2.
LaTeX Font Info:    Redeclaring math symbol \colon on input line 2.
LaTeX Font Info:    Redeclaring math symbol \Gamma on input line 2.
LaTeX Font Info:    Redeclaring math symbol \Delta on input line 2.
LaTeX Font Info:    Redeclaring math symbol \Theta on input line 2.
LaTeX Font Info:    Redeclaring math symbol \Lambda on input line 2.
LaTeX Font Info:    Redeclaring math symbol \Xi on input line 2.
LaTeX Font Info:    Redeclaring math symbol \Pi on input line 2.
LaTeX Font Info:    Redeclaring math symbol \Sigma on input line 2.
LaTeX Font Info:    Redeclaring math symbol \Upsilon on input line 2.
LaTeX Font Info:    Redeclaring math symbol \Phi on input line 2.
LaTeX Font Info:    Redeclaring math symbol \Psi on input line 2.
LaTeX Font Info:    Redeclaring math symbol \Omega on input line 2.
LaTeX Font Info:    Redeclaring math symbol \mathdollar on input line 2.
LaTeX Font Info:    Redeclaring symbol font `operators' on input line 2.
LaTeX Font Info:    Encoding `OT1' has changed to `TU' for symbol font
(Font)              `operators' in the math version `normal' on input line 2.
LaTeX Font Info:    Overwriting symbol font `operators' in version `normal'
(Font)                  OT1/cmr/m/n --> TU/Arial(0)/m/n on input line 2.
LaTeX Font Info:    Encoding `OT1' has changed to `TU' for symbol font
(Font)              `operators' in the math version `bold' on input line 2.
LaTeX Font Info:    Overwriting symbol font `operators' in version `bold'
(Font)                  OT1/cmr/bx/n --> TU/Arial(0)/m/n on input line 2.
LaTeX Font Info:    Overwriting symbol font `operators' in version `normal'
(Font)                  TU/Arial(0)/m/n --> TU/Arial(0)/m/n on input line 2.
LaTeX Font Info:    Overwriting math alphabet `\mathit' in version `normal'
(Font)                  OT1/cmr/m/it --> TU/Arial(0)/m/it on input line 2.
LaTeX Font Info:    Overwriting math alphabet `\mathbf' in version `normal'
(Font)                  OT1/cmr/bx/n --> TU/Arial(0)/b/n on input line 2.
LaTeX Font Info:    Overwriting math alphabet `\mathsf' in version `normal'
(Font)                  OT1/cmss/m/n --> TU/lmss/m/n on input line 2.
LaTeX Font Info:    Overwriting math alphabet `\mathtt' in version `normal'
(Font)                  OT1/cmtt/m/n --> TU/lmtt/m/n on input line 2.
LaTeX Font Info:    Overwriting symbol font `operators' in version `bold'
(Font)                  TU/Arial(0)/m/n --> TU/Arial(0)/b/n on input line 2.
LaTeX Font Info:    Overwriting math alphabet `\mathit' in version `bold'
(Font)                  OT1/cmr/bx/it --> TU/Arial(0)/b/it on input line 2.
LaTeX Font Info:    Overwriting math alphabet `\mathsf' in version `bold'
(Font)                  OT1/cmss/bx/n --> TU/lmss/b/n on input line 2.
LaTeX Font Info:    Overwriting math alphabet `\mathtt' in version `bold'
(Font)                  OT1/cmtt/m/n --> TU/lmtt/b/n on input line 2.
[1

]
File: C:/GitHub/VisualIdeasBook/data/images/d66cad85795e029ea2089f2057b5b808.pn
g Graphic file (type bmp)
<C:/GitHub/VisualIdeasBook/data/images/d66cad85795e029ea2089f2057b5b808.png>
LaTeX Font Info:    External font `cmex10' loaded for size
(Font)              <10.95> on input line 49.
LaTeX Font Info:    External font `cmex10' loaded for size
(Font)              <8> on input line 49.
LaTeX Font Info:    External font `cmex10' loaded for size
(Font)              <6> on input line 49.
 [2]
File: C:/GitHub/VisualIdeasBook/data/images/edc6e8ad231e1dea4bcab87f569ac05e.pn
g Graphic file (type bmp)
<C:/GitHub/VisualIdeasBook/data/images/edc6e8ad231e1dea4bcab87f569ac05e.png>
 [3]
File: C:/GitHub/VisualIdeasBook/data/images/e0a3d65a443cd964153807f543e7a5df.pn
g Graphic file (type bmp)
<C:/GitHub/VisualIdeasBook/data/images/e0a3d65a443cd964153807f543e7a5df.png>
 [4]
File: C:/GitHub/VisualIdeasBook/data/images/42e4b6034d27649c388dbfcaee01c0f1.pn
g Graphic file (type bmp)
<C:/GitHub/VisualIdeasBook/data/images/42e4b6034d27649c388dbfcaee01c0f1.png>
 [5]
File: C:/GitHub/VisualIdeasBook/data/images/31ec9b4524a0bc81fa2cb7a3cf3f87a4.pn
g Graphic file (type bmp)
<C:/GitHub/VisualIdeasBook/data/images/31ec9b4524a0bc81fa2cb7a3cf3f87a4.png>
 [6]
File: C:/GitHub/VisualIdeasBook/data/images/02d326254577b2b3a1a8a26bece2831a.pn
g Graphic file (type bmp)
<C:/GitHub/VisualIdeasBook/data/images/02d326254577b2b3a1a8a26bece2831a.png>
 [7]
File: C:/GitHub/VisualIdeasBook/data/images/98df2aa56d3f8b94498c3482c54b2c25.pn
g Graphic file (type bmp)
<C:/GitHub/VisualIdeasBook/data/images/98df2aa56d3f8b94498c3482c54b2c25.png>
 [8]
File: C:/GitHub/VisualIdeasBook/data/images/7a84f76ff0797606697143505a271415.pn
g Graphic file (type bmp)
<C:/GitHub/VisualIdeasBook/data/images/7a84f76ff0797606697143505a271415.png>
 [9]
File: C:/GitHub/VisualIdeasBook/data/images/3bbe5f2db63cd88de2db77695b545f27.pn
g Graphic file (type bmp)
<C:/GitHub/VisualIdeasBook/data/images/3bbe5f2db63cd88de2db77695b545f27.png>
 [10]
File: C:/GitHub/VisualIdeasBook/data/images/f8f9c706d866a024de7c3835900403c0.pn
g Graphic file (type bmp)
<C:/GitHub/VisualIdeasBook/data/images/f8f9c706d866a024de7c3835900403c0.png>

Missing character: There is no 😂 in font Arial/OT:script=latn;language=dflt;map
ping=tex-text;!
[11] [12]
File: C:/GitHub/VisualIdeasBook/data/images/69482c3f6fc9958f4b2d0ce90322dfc8.pn
g Graphic file (type bmp)
<C:/GitHub/VisualIdeasBook/data/images/69482c3f6fc9958f4b2d0ce90322dfc8.png>

Missing character: There is no ↳ in font Arial/OT:script=latn;language=dflt;map
ping=tex-text;!
Missing character: There is no ↳ in font Arial/OT:script=latn;language=dflt;map
ping=tex-text;!
[13]
File: C:/GitHub/VisualIdeasBook/data/images/a0a40d41332959b7258eca96816e0300.pn
g Graphic file (type bmp)
<C:/GitHub/VisualIdeasBook/data/images/a0a40d41332959b7258eca96816e0300.png>
 [14]
File: C:/GitHub/VisualIdeasBook/data/images/ffb3682a924d0ee8c8e80447ee3ec6e5.pn
g Graphic file (type bmp)
<C:/GitHub/VisualIdeasBook/data/images/ffb3682a924d0ee8c8e80447ee3ec6e5.png>
 [15]
File: C:/GitHub/VisualIdeasBook/data/images/34976c0d9821e244186d7ab9f4f0af0d.pn
g Graphic file (type bmp)
<C:/GitHub/VisualIdeasBook/data/images/34976c0d9821e244186d7ab9f4f0af0d.png>
 [16]
File: C:/GitHub/VisualIdeasBook/data/images/6ae425b8fef49eb0b14dc832e2365d1d.pn
g Graphic file (type bmp)
<C:/GitHub/VisualIdeasBook/data/images/6ae425b8fef49eb0b14dc832e2365d1d.png>
 [17]
File: C:/GitHub/VisualIdeasBook/data/images/5b0457238efda097a778010386e24cf5.pn
g Graphic file (type bmp)
<C:/GitHub/VisualIdeasBook/data/images/5b0457238efda097a778010386e24cf5.png>
File: C:/GitHub/VisualIdeasBook/data/images/f9fc9817ea037aa75beaf30b04f56495.pn
g Graphic file (type bmp)
<C:/GitHub/VisualIdeasBook/data/images/f9fc9817ea037aa75beaf30b04f56495.png>
 [18]
File: C:/GitHub/VisualIdeasBook/data/images/9c770471a730d7645834fd63545c5201.pn
g Graphic file (type bmp)
<C:/GitHub/VisualIdeasBook/data/images/9c770471a730d7645834fd63545c5201.png>
 [19]
File: C:/GitHub/VisualIdeasBook/data/images/9d206d03120e55f40c584d1dc761400d.pn
g Graphic file (type bmp)
<C:/GitHub/VisualIdeasBook/data/images/9d206d03120e55f40c584d1dc761400d.png>
 [20]
File: C:/GitHub/VisualIdeasBook/data/images/76f584c008ce99a4c3c8e21341dde9c1.pn
g Graphic file (type bmp)
<C:/GitHub/VisualIdeasBook/data/images/76f584c008ce99a4c3c8e21341dde9c1.png>
 [21]
File: C:/GitHub/VisualIdeasBook/data/images/853dd73c23018493a8347834ab4ec27e.pn
g Graphic file (type bmp)
<C:/GitHub/VisualIdeasBook/data/images/853dd73c23018493a8347834ab4ec27e.png>
 [22]
File: C:/GitHub/VisualIdeasBook/data/images/d815d5a039c3e11b81514146a5180a40.pn
g Graphic file (type bmp)
<C:/GitHub/VisualIdeasBook/data/images/d815d5a039c3e11b81514146a5180a40.png>
 [23]
File: C:/GitHub/VisualIdeasBook/data/images/25b53c7eda98f17cdc8f104d69da7630.pn
g Graphic file (type bmp)
<C:/GitHub/VisualIdeasBook/data/images/25b53c7eda98f17cdc8f104d69da7630.png>
 [24]
File: C:/GitHub/VisualIdeasBook/data/images/b0d773baa1da05ead9bc13a317251618.pn
g Graphic file (type bmp)
<C:/GitHub/VisualIdeasBook/data/images/b0d773baa1da05ead9bc13a317251618.png>
File: C:/GitHub/VisualIdeasBook/data/images/9e78457b5f22f61da2ac331368940c00.pn
g Graphic file (type bmp)
<C:/GitHub/VisualIdeasBook/data/images/9e78457b5f22f61da2ac331368940c00.png>
File: C:/GitHub/VisualIdeasBook/data/images/c25b78110c09d1a7ddc327f5ea2a4eae.pn
g Graphic file (type bmp)
<C:/GitHub/VisualIdeasBook/data/images/c25b78110c09d1a7ddc327f5ea2a4eae.png>
File: C:/GitHub/VisualIdeasBook/data/images/6a9bb06b192b8c364e7bc879b7fb68bf.pn
g Graphic file (type bmp)
<C:/GitHub/VisualIdeasBook/data/images/6a9bb06b192b8c364e7bc879b7fb68bf.png>
 [25]
File: C:/GitHub/VisualIdeasBook/data/images/d21e78993183bbdea6c971654ab56a64.pn
g Graphic file (type bmp)
<C:/GitHub/VisualIdeasBook/data/images/d21e78993183bbdea6c971654ab56a64.png>
 [26]
File: C:/GitHub/VisualIdeasBook/data/images/3929fbe3c58b67d704cf1901204a3bd6.pn
g Graphic file (type bmp)
<C:/GitHub/VisualIdeasBook/data/images/3929fbe3c58b67d704cf1901204a3bd6.png>
 [27]
File: C:/GitHub/VisualIdeasBook/data/images/cc7318039901da5fddcd7dbc56a012ae.pn
g Graphic file (type bmp)
<C:/GitHub/VisualIdeasBook/data/images/cc7318039901da5fddcd7dbc56a012ae.png>

[28]
File: C:/GitHub/VisualIdeasBook/data/images/0907b065c4e0efa5e6c457af7e90c957.pn
g Graphic file (type bmp)
<C:/GitHub/VisualIdeasBook/data/images/0907b065c4e0efa5e6c457af7e90c957.png>
 [29]
File: C:/GitHub/VisualIdeasBook/data/images/d81e749facf9ea71bc98f7b7c407b6f0.pn
g Graphic file (type bmp)
<C:/GitHub/VisualIdeasBook/data/images/d81e749facf9ea71bc98f7b7c407b6f0.png>
 [30]
File: C:/GitHub/VisualIdeasBook/data/images/f7e50a1f99eb902ab8a02406bd25423a.pn
g Graphic file (type bmp)
<C:/GitHub/VisualIdeasBook/data/images/f7e50a1f99eb902ab8a02406bd25423a.png>
 [31]
File: C:/GitHub/VisualIdeasBook/data/images/59fcc612d3e4146e996d051822e185d1.pn
g Graphic file (type bmp)
<C:/GitHub/VisualIdeasBook/data/images/59fcc612d3e4146e996d051822e185d1.png>
 [32]
File: C:/GitHub/VisualIdeasBook/data/images/7034d7f3e6fc9a0f1f35c121a3ff3121.pn
g Graphic file (type bmp)
<C:/GitHub/VisualIdeasBook/data/images/7034d7f3e6fc9a0f1f35c121a3ff3121.png>
 [33]
File: C:/GitHub/VisualIdeasBook/data/images/ed2dc2c0dc98135f61d724d9ab8c5a65.pn
g Graphic file (type bmp)
<C:/GitHub/VisualIdeasBook/data/images/ed2dc2c0dc98135f61d724d9ab8c5a65.png>
 [34]
File: C:/GitHub/VisualIdeasBook/data/images/a4f8d40133c3ac324b20c15f78570b18.pn
g Graphic file (type bmp)
<C:/GitHub/VisualIdeasBook/data/images/a4f8d40133c3ac324b20c15f78570b18.png>
 [35]
File: C:/GitHub/VisualIdeasBook/data/images/faec8edaa5fff5877a898f0582c8a101.pn
g Graphic file (type bmp)
<C:/GitHub/VisualIdeasBook/data/images/faec8edaa5fff5877a898f0582c8a101.png>
 [36]
File: C:/GitHub/VisualIdeasBook/data/images/058bfbf7e9e5881b248da20e4f201fe3.pn
g Graphic file (type bmp)
<C:/GitHub/VisualIdeasBook/data/images/058bfbf7e9e5881b248da20e4f201fe3.png>
 [37]
File: C:/GitHub/VisualIdeasBook/data/images/5a8f83625005abd39c142ad9d7581ab4.pn
g Graphic file (type bmp)
<C:/GitHub/VisualIdeasBook/data/images/5a8f83625005abd39c142ad9d7581ab4.png>
 [38]
File: C:/GitHub/VisualIdeasBook/data/images/b236ce30aabe9a016fc69acfb2d14ec0.pn
g Graphic file (type bmp)
<C:/GitHub/VisualIdeasBook/data/images/b236ce30aabe9a016fc69acfb2d14ec0.png>
 [39]
File: C:/GitHub/VisualIdeasBook/data/images/241addce9d5448fdab8b8b675bd45d96.pn
g Graphic file (type bmp)
<C:/GitHub/VisualIdeasBook/data/images/241addce9d5448fdab8b8b675bd45d96.png>
 [40]
File: C:/GitHub/VisualIdeasBook/data/images/77f4c4e5ba3f20cf77ec363b86f1c0a8.pn
g Graphic file (type bmp)
<C:/GitHub/VisualIdeasBook/data/images/77f4c4e5ba3f20cf77ec363b86f1c0a8.png>
 [41]
File: C:/GitHub/VisualIdeasBook/data/images/4c742ffb515c128db013743aed22b111.pn
g Graphic file (type bmp)
<C:/GitHub/VisualIdeasBook/data/images/4c742ffb515c128db013743aed22b111.png>
 [42]
File: C:/GitHub/VisualIdeasBook/data/images/2711741791958e42365f2d38026269e3.pn
g Graphic file (type bmp)
<C:/GitHub/VisualIdeasBook/data/images/2711741791958e42365f2d38026269e3.png>

[43]
File: C:/GitHub/VisualIdeasBook/data/images/9268573813fbc0360e983058ed92bfc9.pn
g Graphic file (type bmp)
<C:/GitHub/VisualIdeasBook/data/images/9268573813fbc0360e983058ed92bfc9.png>
 [44]
File: C:/GitHub/VisualIdeasBook/data/images/bde5ff3ab4b31b99fa416e12b8dcf556.pn
g Graphic file (type bmp)
<C:/GitHub/VisualIdeasBook/data/images/bde5ff3ab4b31b99fa416e12b8dcf556.png>
 [45]
File: C:/GitHub/VisualIdeasBook/data/images/24a49f03ec3f80760a43b3eab8507af6.pn
g Graphic file (type bmp)
<C:/GitHub/VisualIdeasBook/data/images/24a49f03ec3f80760a43b3eab8507af6.png>
 [46]
File: C:/GitHub/VisualIdeasBook/data/images/3a403bc6019dd17e4813c115f7060e8d.pn
g Graphic file (type bmp)
<C:/GitHub/VisualIdeasBook/data/images/3a403bc6019dd17e4813c115f7060e8d.png>
 [47]
File: C:/GitHub/VisualIdeasBook/data/images/d21eb22e1b9a8db5803b7d8734388728.pn
g Graphic file (type bmp)
<C:/GitHub/VisualIdeasBook/data/images/d21eb22e1b9a8db5803b7d8734388728.png>
 [48]

enddocument/afterlastpage (AED): lastpage setting LastPage.
(archive_2025.aux)
 ***********
LaTeX2e <2025-11-01>
L3 programming layer <2026-03-20>
 ***********
 ) 
Here is how much of TeX's memory you used:
 6219 strings out of 402807
 175389 string characters out of 5444721
 600485 words of memory out of 5000000
 34994 multiletter control sequences out of 15000+600000
 630644 words of font info for 72 fonts, out of 8000000 for 9000
 1348 hyphenation exceptions out of 8191
 93i,12n,110p,568b,408s stack positions out of 10000i,1000n,20000p,200000b,200000s

Output written on archive_2025.pdf (48 pages).
