This is XeTeX, Version 3.141592653-2.6-0.999998 (MiKTeX 26.2) (preloaded format=xelatex 2026.5.12)  15 MAY 2026 09:52
entering extended mode
 restricted \write18 enabled.
 %&-line parsing enabled.
**./archive_2024.tex
(archive_2024.tex
LaTeX2e <2025-11-01>
L3 programming layer <2026-03-20>

(C:\Users\jcarron\AppData\Local\Programs\MiKTeX\tex/latex/subfiles\subfiles.cls
Document Class: subfiles 2020/11/14 v2.2 Multi-file projects (class)
Preamble taken from file `archive.tex'
(C:\Users\jcarron\AppData\Local\Programs\MiKTeX\tex/latex/import\import.sty
Package: import 2020/04/01  v 6.2
)
(archive.tex
(C:\Users\jcarron\AppData\Local\Programs\MiKTeX\tex/latex/base\article.cls
Document Class: article 2025/01/22 v1.4n Standard LaTeX document class
(C:\Users\jcarron\AppData\Local\Programs\MiKTeX\tex/latex/base\size11.clo
File: size11.clo 2025/01/22 v1.4n Standard LaTeX file (size option)
)
\c@part=\count271
\c@section=\count272
\c@subsection=\count273
\c@subsubsection=\count274
\c@paragraph=\count275
\c@subparagraph=\count276
\c@figure=\count277
\c@table=\count278
\abovecaptionskip=\skip49
\belowcaptionskip=\skip50
\bibindent=\dimen150
)
(C:\Users\jcarron\AppData\Local\Programs\MiKTeX\tex/latex/geometry\geometry.sty
Package: geometry 2026/03/07 v6.0 Page Geometry
(C:\Users\jcarron\AppData\Local\Programs\MiKTeX\tex/latex/graphics\keyval.sty
Package: keyval 2022/05/29 v1.15 key=value parser (DPC)
\KV@toks@=\toks17
)
(C:\Users\jcarron\AppData\Local\Programs\MiKTeX\tex/generic/iftex\ifvtex.sty
Package: ifvtex 2019/10/25 v1.7 ifvtex legacy package. Use iftex instead.

(C:\Users\jcarron\AppData\Local\Programs\MiKTeX\tex/generic/iftex\iftex.sty
Package: iftex 2024/12/12 v1.0g TeX engine tests
))
\Gm@cnth=\count279
\Gm@cntv=\count280
\c@Gm@tempcnt=\count281
\Gm@bindingoffset=\dimen151
\Gm@wd@mp=\dimen152
\Gm@odd@mp=\dimen153
\Gm@even@mp=\dimen154
\Gm@layoutwidth=\dimen155
\Gm@layoutheight=\dimen156
\Gm@layouthoffset=\dimen157
\Gm@layoutvoffset=\dimen158
\Gm@dimlist=\toks18

(C:\Users\jcarron\AppData\Local\Programs\MiKTeX\tex/latex/geometry\geometry.cfg
))
(C:\Users\jcarron\AppData\Local\Programs\MiKTeX\tex/latex/graphics\graphicx.sty
Package: graphicx 2024/12/31 v1.2e Enhanced LaTeX Graphics (DPC,SPQR)

(C:\Users\jcarron\AppData\Local\Programs\MiKTeX\tex/latex/graphics\graphics.sty
Package: graphics 2024/08/06 v1.4g Standard LaTeX Graphics (DPC,SPQR)
(C:\Users\jcarron\AppData\Local\Programs\MiKTeX\tex/latex/graphics\trig.sty
Package: trig 2023/12/02 v1.11 sin cos tan (DPC)
)
(C:\Users\jcarron\AppData\Local\Programs\MiKTeX\tex/latex/graphics-cfg\graphics
.cfg
File: graphics.cfg 2016/06/04 v1.11 sample graphics configuration
)
Package graphics Info: Driver file: xetex.def on input line 106.

(C:\Users\jcarron\AppData\Local\Programs\MiKTeX\tex/latex/graphics-def\xetex.de
f
File: xetex.def 2025/11/01 v5.0p Graphics/color driver for xetex
))
\Gin@req@height=\dimen159
\Gin@req@width=\dimen160
)
(C:\Users\jcarron\AppData\Local\Programs\MiKTeX\tex/latex/xcolor\xcolor.sty
Package: xcolor 2024/09/29 v3.02 LaTeX color extensions (UK)

(C:\Users\jcarron\AppData\Local\Programs\MiKTeX\tex/latex/graphics-cfg\color.cf
g
File: color.cfg 2016/01/02 v1.6 sample color configuration
)
Package xcolor Info: Driver file: xetex.def on input line 274.

(C:\Users\jcarron\AppData\Local\Programs\MiKTeX\tex/latex/graphics\mathcolor.lt
x)
Package xcolor Info: Model `cmy' substituted by `cmy0' on input line 1349.
Package xcolor Info: Model `RGB' extended on input line 1365.
Package xcolor Info: Model `HTML' substituted by `rgb' on input line 1367.
Package xcolor Info: Model `Hsb' substituted by `hsb' on input line 1368.
Package xcolor Info: Model `tHsb' substituted by `hsb' on input line 1369.
Package xcolor Info: Model `HSB' substituted by `hsb' on input line 1370.
Package xcolor Info: Model `Gray' substituted by `gray' on input line 1371.
Package xcolor Info: Model `wave' substituted by `hsb' on input line 1372.
)
(C:\Users\jcarron\AppData\Local\Programs\MiKTeX\tex/latex/fancyhdr\fancyhdr.sty
Package: fancyhdr 2025/02/07 v5.2 Extensive control of page headers and footers

\f@nch@headwidth=\skip51
\f@nch@offset@elh=\skip52
\f@nch@offset@erh=\skip53
\f@nch@offset@olh=\skip54
\f@nch@offset@orh=\skip55
\f@nch@offset@elf=\skip56
\f@nch@offset@erf=\skip57
\f@nch@offset@olf=\skip58
\f@nch@offset@orf=\skip59
\f@nch@height=\skip60
\f@nch@footalignment=\skip61
\f@nch@widthL=\skip62
\f@nch@widthC=\skip63
\f@nch@widthR=\skip64
\@temptokenb=\toks19
) (C:\Users\jcarron\AppData\Local\Programs\MiKTeX\tex/latex/parskip\parskip.sty
Package: parskip 2021-03-14 v2.0h non-zero parskip adjustments

(C:\Users\jcarron\AppData\Local\Programs\MiKTeX\tex/latex/kvoptions\kvoptions.s
ty
Package: kvoptions 2022-06-15 v3.15 Key value format for package options (HO)

(C:\Users\jcarron\AppData\Local\Programs\MiKTeX\tex/generic/ltxcmds\ltxcmds.sty
Package: ltxcmds 2023-12-04 v1.26 LaTeX kernel commands for general use (HO)
)
(C:\Users\jcarron\AppData\Local\Programs\MiKTeX\tex/latex/kvsetkeys\kvsetkeys.s
ty
Package: kvsetkeys 2022-10-05 v1.19 Key value parser (HO)
))
(C:\Users\jcarron\AppData\Local\Programs\MiKTeX\tex/latex/etoolbox\etoolbox.sty
Package: etoolbox 2025/10/02 v2.5m e-TeX tools for LaTeX (JAW)
\etb@tempcnta=\count282
))
(C:\Users\jcarron\AppData\Local\Programs\MiKTeX\tex/latex/ragged2e\ragged2e.sty
Package: ragged2e 2023/06/22 v3.6 ragged2e Package
\CenteringLeftskip=\skip65
\RaggedLeftLeftskip=\skip66
\RaggedRightLeftskip=\skip67
\CenteringRightskip=\skip68
\RaggedLeftRightskip=\skip69
\RaggedRightRightskip=\skip70
\CenteringParfillskip=\skip71
\RaggedLeftParfillskip=\skip72
\RaggedRightParfillskip=\skip73
\JustifyingParfillskip=\skip74
\CenteringParindent=\skip75
\RaggedLeftParindent=\skip76
\RaggedRightParindent=\skip77
\JustifyingParindent=\skip78
)
(C:\Users\jcarron\AppData\Local\Programs\MiKTeX\tex/latex/fontspec\fontspec.sty

(C:\Users\jcarron\AppData\Local\Programs\MiKTeX\tex/latex/l3packages/xparse\xpa
rse.sty
(C:\Users\jcarron\AppData\Local\Programs\MiKTeX\tex/latex/l3kernel\expl3.sty
Package: expl3 2026-03-20 L3 programming layer (loader) 

(C:\Users\jcarron\AppData\Local\Programs\MiKTeX\tex/latex/l3backend\l3backend-x
etex.def
File: l3backend-xetex.def 2026-02-18 L3 backend support: XeTeX
\g__graphics_track_int=\count283
\g__pdfannot_backend_int=\count284
\g__pdfannot_backend_link_int=\count285
))
Package: xparse 2025-10-09 L3 Experimental document command parser
)
Package: fontspec 2025/09/29 v2.9g Font selection for XeLaTeX and LuaLaTeX

(C:\Users\jcarron\AppData\Local\Programs\MiKTeX\tex/latex/fontspec\fontspec-xet
ex.sty
Package: fontspec-xetex 2025/09/29 v2.9g Font selection for XeLaTeX and LuaLaTe
X
\l__fontspec_script_int=\count286
\l__fontspec_language_int=\count287
\l__fontspec_strnum_int=\count288
\l__fontspec_tmp_int=\count289
\l__fontspec_tmpa_int=\count290
\l__fontspec_tmpb_int=\count291
\l__fontspec_tmpc_int=\count292
\l__fontspec_em_int=\count293
\l__fontspec_emdef_int=\count294
\l__fontspec_strong_int=\count295
\l__fontspec_strongdef_int=\count296
\l__fontspec_tmpa_dim=\dimen161
\l__fontspec_tmpb_dim=\dimen162
\l__fontspec_tmpc_dim=\dimen163

(C:\Users\jcarron\AppData\Local\Programs\MiKTeX\tex/latex/base\fontenc.sty
Package: fontenc 2025/07/18 v2.1d Standard LaTeX package
)
(C:\Users\jcarron\AppData\Local\Programs\MiKTeX\tex/latex/fontspec\fontspec.cfg
)))
(C:\Users\jcarron\AppData\Local\Programs\MiKTeX\tex/latex/lastpage\lastpage.sty
Package: lastpage 2025/08/14 v2.1h lastpage: 2.09 or 2e? (HMM)

(C:\Users\jcarron\AppData\Local\Programs\MiKTeX\tex/latex/lastpage\lastpage2e.s
ty
Package: lastpage2e 2025/08/14 v2.1h Decide which 2e lastpage version to use (H
MM)

(C:\Users\jcarron\AppData\Local\Programs\MiKTeX\tex/latex/lastpage\lastpagemode
rn.sty
Package: lastpagemodern 2025-08-14 v2.1h Refers to last page's name (HMM; JPG)
\c@lastpagecount=\count297
) 
))
(C:\Users\jcarron\AppData\Local\Programs\MiKTeX\tex/latex/subfiles\subfiles.sty
Package: subfiles 2020/11/14 v2.2 Multi-file projects (package)
)

Package fontspec Info: 
(fontspec)             Font family 'Arial(0)' created for font 'Arial' with
(fontspec)             options [Ligatures=TeX].
(fontspec)              
(fontspec)              This font family consists of the following NFSS
(fontspec)             series/shapes:
(fontspec)              
(fontspec)             - 'normal' (m/n) with NFSS spec.:
(fontspec)             <->"Arial/OT:script=latn;language=dflt;mapping=tex-text;
"
(fontspec)             - 'small caps'  (m/sc) with NFSS spec.:
(fontspec)             <->"Arial/OT:script=latn;language=dflt;+smcp;mapping=tex
-text;"
(fontspec)             - 'bold' (b/n) with NFSS spec.:
(fontspec)             <->"Arial/B/OT:script=latn;language=dflt;mapping=tex-tex
t;"
(fontspec)             - 'bold small caps'  (b/sc) with NFSS spec.:
(fontspec)             <->"Arial/B/OT:script=latn;language=dflt;+smcp;mapping=t
ex-text;"
(fontspec)             - 'italic' (m/it) with NFSS spec.:
(fontspec)             <->"Arial/I/OT:script=latn;language=dflt;mapping=tex-tex
t;"
(fontspec)             - 'italic small caps'  (m/scit) with NFSS spec.:
(fontspec)             <->"Arial/I/OT:script=latn;language=dflt;+smcp;mapping=t
ex-text;"
(fontspec)             - 'bold italic' (b/it) with NFSS spec.:
(fontspec)             <->"Arial/BI/OT:script=latn;language=dflt;mapping=tex-te
xt;"
(fontspec)             - 'bold italic small caps'  (b/scit) with NFSS spec.:
(fontspec)             <->"Arial/BI/OT:script=latn;language=dflt;+smcp;mapping=
tex-text;"

)) (archive_2024.aux)
\openout1 = `archive_2024.aux'.

LaTeX Font Info:    Checking defaults for OML/cmm/m/it on input line 2.
LaTeX Font Info:    ... okay on input line 2.
LaTeX Font Info:    Checking defaults for OMS/cmsy/m/n on input line 2.
LaTeX Font Info:    ... okay on input line 2.
LaTeX Font Info:    Checking defaults for OT1/cmr/m/n on input line 2.
LaTeX Font Info:    ... okay on input line 2.
LaTeX Font Info:    Checking defaults for T1/cmr/m/n on input line 2.
LaTeX Font Info:    ... okay on input line 2.
LaTeX Font Info:    Checking defaults for TS1/cmr/m/n on input line 2.
LaTeX Font Info:    ... okay on input line 2.
LaTeX Font Info:    Checking defaults for TU/lmr/m/n on input line 2.
LaTeX Font Info:    ... okay on input line 2.
LaTeX Font Info:    Checking defaults for OMX/cmex/m/n on input line 2.
LaTeX Font Info:    ... okay on input line 2.
LaTeX Font Info:    Checking defaults for U/cmr/m/n on input line 2.
LaTeX Font Info:    ... okay on input line 2.

*geometry* driver: auto-detecting
*geometry* detected driver: xetex
*geometry* verbose mode - [ preamble ] result:
* driver: xetex
* paper: a5paper
* layout: <same size as paper>
* layoutoffset:(h,v)=(0.0pt,0.0pt)
* modes: 
* h-part:(L,W,R)=(51.21495pt, 318.67088pt, 51.21495pt)
* v-part:(T,H,B)=(51.21495pt, 483.69687pt, 62.59605pt)
* \paperwidth=421.10078pt
* \paperheight=597.50787pt
* \textwidth=318.67088pt
* \textheight=483.69687pt
* \oddsidemargin=-21.05504pt
* \evensidemargin=-21.05504pt
* \topmargin=-58.05504pt
* \headheight=12.0pt
* \headsep=25.0pt
* \topskip=11.0pt
* \footskip=28.45274pt
* \marginparwidth=59.0pt
* \marginparsep=10.0pt
* \columnsep=10.0pt
* \skip\footins=10.0pt plus 4.0pt minus 2.0pt
* \hoffset=0.0pt
* \voffset=0.0pt
* \mag=1000
* \@twocolumnfalse
* \@twosidefalse
* \@mparswitchfalse
* \@reversemarginfalse
* (1in=72.27pt=25.4mm, 1cm=28.453pt)


Package fontspec Info: 
(fontspec)             Adjusting the maths setup (use [no-math] to avoid
(fontspec)             this).

\symlegacymaths=\mathgroup4
LaTeX Font Info:    Overwriting symbol font `legacymaths' in version `bold'
(Font)                  OT1/cmr/m/n --> OT1/cmr/bx/n on input line 2.
LaTeX Font Info:    Redeclaring math accent \acute on input line 2.
LaTeX Font Info:    Redeclaring math accent \grave on input line 2.
LaTeX Font Info:    Redeclaring math accent \ddot on input line 2.
LaTeX Font Info:    Redeclaring math accent \tilde on input line 2.
LaTeX Font Info:    Redeclaring math accent \bar on input line 2.
LaTeX Font Info:    Redeclaring math accent \breve on input line 2.
LaTeX Font Info:    Redeclaring math accent \check on input line 2.
LaTeX Font Info:    Redeclaring math accent \hat on input line 2.
LaTeX Font Info:    Redeclaring math accent \dot on input line 2.
LaTeX Font Info:    Redeclaring math accent \mathring on input line 2.
LaTeX Font Info:    Redeclaring math symbol \colon on input line 2.
LaTeX Font Info:    Redeclaring math symbol \Gamma on input line 2.
LaTeX Font Info:    Redeclaring math symbol \Delta on input line 2.
LaTeX Font Info:    Redeclaring math symbol \Theta on input line 2.
LaTeX Font Info:    Redeclaring math symbol \Lambda on input line 2.
LaTeX Font Info:    Redeclaring math symbol \Xi on input line 2.
LaTeX Font Info:    Redeclaring math symbol \Pi on input line 2.
LaTeX Font Info:    Redeclaring math symbol \Sigma on input line 2.
LaTeX Font Info:    Redeclaring math symbol \Upsilon on input line 2.
LaTeX Font Info:    Redeclaring math symbol \Phi on input line 2.
LaTeX Font Info:    Redeclaring math symbol \Psi on input line 2.
LaTeX Font Info:    Redeclaring math symbol \Omega on input line 2.
LaTeX Font Info:    Redeclaring math symbol \mathdollar on input line 2.
LaTeX Font Info:    Redeclaring symbol font `operators' on input line 2.
LaTeX Font Info:    Encoding `OT1' has changed to `TU' for symbol font
(Font)              `operators' in the math version `normal' on input line 2.
LaTeX Font Info:    Overwriting symbol font `operators' in version `normal'
(Font)                  OT1/cmr/m/n --> TU/Arial(0)/m/n on input line 2.
LaTeX Font Info:    Encoding `OT1' has changed to `TU' for symbol font
(Font)              `operators' in the math version `bold' on input line 2.
LaTeX Font Info:    Overwriting symbol font `operators' in version `bold'
(Font)                  OT1/cmr/bx/n --> TU/Arial(0)/m/n on input line 2.
LaTeX Font Info:    Overwriting symbol font `operators' in version `normal'
(Font)                  TU/Arial(0)/m/n --> TU/Arial(0)/m/n on input line 2.
LaTeX Font Info:    Overwriting math alphabet `\mathit' in version `normal'
(Font)                  OT1/cmr/m/it --> TU/Arial(0)/m/it on input line 2.
LaTeX Font Info:    Overwriting math alphabet `\mathbf' in version `normal'
(Font)                  OT1/cmr/bx/n --> TU/Arial(0)/b/n on input line 2.
LaTeX Font Info:    Overwriting math alphabet `\mathsf' in version `normal'
(Font)                  OT1/cmss/m/n --> TU/lmss/m/n on input line 2.
LaTeX Font Info:    Overwriting math alphabet `\mathtt' in version `normal'
(Font)                  OT1/cmtt/m/n --> TU/lmtt/m/n on input line 2.
LaTeX Font Info:    Overwriting symbol font `operators' in version `bold'
(Font)                  TU/Arial(0)/m/n --> TU/Arial(0)/b/n on input line 2.
LaTeX Font Info:    Overwriting math alphabet `\mathit' in version `bold'
(Font)                  OT1/cmr/bx/it --> TU/Arial(0)/b/it on input line 2.
LaTeX Font Info:    Overwriting math alphabet `\mathsf' in version `bold'
(Font)                  OT1/cmss/bx/n --> TU/lmss/b/n on input line 2.
LaTeX Font Info:    Overwriting math alphabet `\mathtt' in version `bold'
(Font)                  OT1/cmtt/m/n --> TU/lmtt/b/n on input line 2.
[1

]
LaTeX Font Info:    External font `cmex10' loaded for size
(Font)              <10.95> on input line 42.
LaTeX Font Info:    External font `cmex10' loaded for size
(Font)              <8> on input line 42.
LaTeX Font Info:    External font `cmex10' loaded for size
(Font)              <6> on input line 42.
File: C:/GitHub/VisualIdeasBook/data/images/c98fa1468cc374dab1f9b70f931c1bd6.pn
g Graphic file (type bmp)
<C:/GitHub/VisualIdeasBook/data/images/c98fa1468cc374dab1f9b70f931c1bd6.png>
 [2]
File: C:/GitHub/VisualIdeasBook/data/images/21d1e95bc2fad39169590c5df6bcc2eb.pn
g Graphic file (type bmp)
<C:/GitHub/VisualIdeasBook/data/images/21d1e95bc2fad39169590c5df6bcc2eb.png>
 [3]
File: C:/GitHub/VisualIdeasBook/data/images/491579c78846557d5e4efd8d5a724b15.pn
g Graphic file (type bmp)
<C:/GitHub/VisualIdeasBook/data/images/491579c78846557d5e4efd8d5a724b15.png>
 [4]
File: C:/GitHub/VisualIdeasBook/data/images/8da1dfc21e282da50dc5c5662a6618f2.pn
g Graphic file (type bmp)
<C:/GitHub/VisualIdeasBook/data/images/8da1dfc21e282da50dc5c5662a6618f2.png>
 [5]
File: C:/GitHub/VisualIdeasBook/data/images/2ca107ddae4b21d6c581b103b30c809c.pn
g Graphic file (type bmp)
<C:/GitHub/VisualIdeasBook/data/images/2ca107ddae4b21d6c581b103b30c809c.png>
 [6]
File: C:/GitHub/VisualIdeasBook/data/images/d51e292bbe9202c33b028cb941941bb9.pn
g Graphic file (type bmp)
<C:/GitHub/VisualIdeasBook/data/images/d51e292bbe9202c33b028cb941941bb9.png>
 [7]
File: C:/GitHub/VisualIdeasBook/data/images/89825126d1bd6ee488c4cba032b8bddf.pn
g Graphic file (type bmp)
<C:/GitHub/VisualIdeasBook/data/images/89825126d1bd6ee488c4cba032b8bddf.png>
File: C:/GitHub/VisualIdeasBook/data/images/43370857b5a4ea6f557287991c787ce7.pn
g Graphic file (type bmp)
<C:/GitHub/VisualIdeasBook/data/images/43370857b5a4ea6f557287991c787ce7.png>
 [8]
Missing character: There is no 🥁 in font Arial/OT:script=latn;language=dflt;map
ping=tex-text;!
Missing character: There is no ❌ in font Arial/OT:script=latn;language=dflt;map
ping=tex-text;!
Missing character: There is no ✅ in font Arial/OT:script=latn;language=dflt;map
ping=tex-text;!
File: C:/GitHub/VisualIdeasBook/data/images/480892248086a40f0e4ee5610b5bcee0.pn
g Graphic file (type bmp)
<C:/GitHub/VisualIdeasBook/data/images/480892248086a40f0e4ee5610b5bcee0.png>
File: C:/GitHub/VisualIdeasBook/data/images/8fd1a2ed542c39db5205c6430fd692ba.pn
g Graphic file (type bmp)
<C:/GitHub/VisualIdeasBook/data/images/8fd1a2ed542c39db5205c6430fd692ba.png>
[9] [10]
File: C:/GitHub/VisualIdeasBook/data/images/cd3d14fe5694642597e94e75c3e06510.pn
g Graphic file (type bmp)
<C:/GitHub/VisualIdeasBook/data/images/cd3d14fe5694642597e94e75c3e06510.png>
 [11]
File: C:/GitHub/VisualIdeasBook/data/images/31c9a2117244c7e28486b7fd5b13b7ff.pn
g Graphic file (type bmp)
<C:/GitHub/VisualIdeasBook/data/images/31c9a2117244c7e28486b7fd5b13b7ff.png>
 [12]
File: C:/GitHub/VisualIdeasBook/data/images/b6546c7157e28e749231e098a49bcad7.pn
g Graphic file (type bmp)
<C:/GitHub/VisualIdeasBook/data/images/b6546c7157e28e749231e098a49bcad7.png>
 [13]
File: C:/GitHub/VisualIdeasBook/data/images/bd2465e126f5b77ea8800bb82bdb5b4b.pn
g Graphic file (type bmp)
<C:/GitHub/VisualIdeasBook/data/images/bd2465e126f5b77ea8800bb82bdb5b4b.png>
 [14]
File: C:/GitHub/VisualIdeasBook/data/images/fb443804a8195eceef0f096d2c4c3f99.pn
g Graphic file (type bmp)
<C:/GitHub/VisualIdeasBook/data/images/fb443804a8195eceef0f096d2c4c3f99.png>

Underfull \hbox (badness 1565) in paragraph at lines 427--428
[]\TU/Arial(0)/m/n/10 You’ll find this philosophy practiced in the Japanese art
form,
 []

[15] [16]
File: C:/GitHub/VisualIdeasBook/data/images/d2f8970ba0bfd2b28bf1fe2a1cfe7c0a.pn
g Graphic file (type bmp)
<C:/GitHub/VisualIdeasBook/data/images/d2f8970ba0bfd2b28bf1fe2a1cfe7c0a.png>
 [17]
File: C:/GitHub/VisualIdeasBook/data/images/382034b73ac816cae100d1cf7783dadd.pn
g Graphic file (type bmp)
<C:/GitHub/VisualIdeasBook/data/images/382034b73ac816cae100d1cf7783dadd.png>
 [18]
File: C:/GitHub/VisualIdeasBook/data/images/51ec5c2a1471533e53ea27a556dbf422.pn
g Graphic file (type bmp)
<C:/GitHub/VisualIdeasBook/data/images/51ec5c2a1471533e53ea27a556dbf422.png>
 [19]
File: C:/GitHub/VisualIdeasBook/data/images/17c5ff7d616dd93bd357fc9f7f5419cd.pn
g Graphic file (type bmp)
<C:/GitHub/VisualIdeasBook/data/images/17c5ff7d616dd93bd357fc9f7f5419cd.png>
File: C:/GitHub/VisualIdeasBook/data/images/bdd08457ad1465c80eb3125f4af5d13a.pn
g Graphic file (type bmp)
<C:/GitHub/VisualIdeasBook/data/images/bdd08457ad1465c80eb3125f4af5d13a.png>
File: C:/GitHub/VisualIdeasBook/data/images/4b8caf9e9763bd0019d0f9866b047eb8.pn
g Graphic file (type bmp)
<C:/GitHub/VisualIdeasBook/data/images/4b8caf9e9763bd0019d0f9866b047eb8.png>
 [20] [21]
File: C:/GitHub/VisualIdeasBook/data/images/60b148139364d09369d15ea685ecad41.pn
g Graphic file (type bmp)
<C:/GitHub/VisualIdeasBook/data/images/60b148139364d09369d15ea685ecad41.png>
 [22]
File: C:/GitHub/VisualIdeasBook/data/images/a3ed29c2bd9b16daeec93ee4276a0976.pn
g Graphic file (type bmp)
<C:/GitHub/VisualIdeasBook/data/images/a3ed29c2bd9b16daeec93ee4276a0976.png>
 [23]
File: C:/GitHub/VisualIdeasBook/data/images/63378dafd8099973767c6dd5237dd4a8.pn
g Graphic file (type bmp)
<C:/GitHub/VisualIdeasBook/data/images/63378dafd8099973767c6dd5237dd4a8.png>
File: C:/GitHub/VisualIdeasBook/data/images/396d389c48dc7bb797a3d26fa9c01ab2.pn
g Graphic file (type bmp)
<C:/GitHub/VisualIdeasBook/data/images/396d389c48dc7bb797a3d26fa9c01ab2.png>
 [24]
File: C:/GitHub/VisualIdeasBook/data/images/7a19899502a84c63a7d2ae0fd0394e56.pn
g Graphic file (type bmp)
<C:/GitHub/VisualIdeasBook/data/images/7a19899502a84c63a7d2ae0fd0394e56.png>
 [25]
File: C:/GitHub/VisualIdeasBook/data/images/35d3deee1d8e4992f40e5e397938f2fd.pn
g Graphic file (type bmp)
<C:/GitHub/VisualIdeasBook/data/images/35d3deee1d8e4992f40e5e397938f2fd.png>
 [26] [27]
File: C:/GitHub/VisualIdeasBook/data/images/1173a0db1c267ca1d61b6f0d13c9b4d2.pn
g Graphic file (type bmp)
<C:/GitHub/VisualIdeasBook/data/images/1173a0db1c267ca1d61b6f0d13c9b4d2.png>
 [28]
File: C:/GitHub/VisualIdeasBook/data/images/11e30b310e17184ed0f28b0d384f7fb9.pn
g Graphic file (type bmp)
<C:/GitHub/VisualIdeasBook/data/images/11e30b310e17184ed0f28b0d384f7fb9.png>
File: C:/GitHub/VisualIdeasBook/data/images/ceb9a65f3b0673eb60cb464a6e36f474.pn
g Graphic file (type bmp)
<C:/GitHub/VisualIdeasBook/data/images/ceb9a65f3b0673eb60cb464a6e36f474.png>
 [29]
File: C:/GitHub/VisualIdeasBook/data/images/ca498544e646fb882398d1e0034e12e5.pn
g Graphic file (type bmp)
<C:/GitHub/VisualIdeasBook/data/images/ca498544e646fb882398d1e0034e12e5.png>

[30]
File: C:/GitHub/VisualIdeasBook/data/images/12a9f6ed36bc29cc7bb5fa7c88c04483.pn
g Graphic file (type bmp)
<C:/GitHub/VisualIdeasBook/data/images/12a9f6ed36bc29cc7bb5fa7c88c04483.png>
 [31]
File: C:/GitHub/VisualIdeasBook/data/images/cbd04756ee263ef493152c95148bd741.jp
eg Graphic file (type bmp)
<C:/GitHub/VisualIdeasBook/data/images/cbd04756ee263ef493152c95148bd741.jpeg>

Missing character: There is no 😅 in font Arial/OT:script=latn;language=dflt;map
ping=tex-text;!
[32]
File: C:/GitHub/VisualIdeasBook/data/images/b143a59387b055a4c003e87200a60d48.pn
g Graphic file (type bmp)
<C:/GitHub/VisualIdeasBook/data/images/b143a59387b055a4c003e87200a60d48.png>
 [33]
File: C:/GitHub/VisualIdeasBook/data/images/10351bae12fbf3ca9801464bdb323c5f.pn
g Graphic file (type bmp)
<C:/GitHub/VisualIdeasBook/data/images/10351bae12fbf3ca9801464bdb323c5f.png>
File: C:/GitHub/VisualIdeasBook/data/images/a5b2ac22a98d07d49ee2819371e604f3.pn
g Graphic file (type bmp)
<C:/GitHub/VisualIdeasBook/data/images/a5b2ac22a98d07d49ee2819371e604f3.png>
File: C:/GitHub/VisualIdeasBook/data/images/07128bf0fadd1c067fc77d361f55fe53.pn
g Graphic file (type bmp)
<C:/GitHub/VisualIdeasBook/data/images/07128bf0fadd1c067fc77d361f55fe53.png>
File: C:/GitHub/VisualIdeasBook/data/images/f3c8c479a4856823f006dd4dbdec07a0.pn
g Graphic file (type bmp)
<C:/GitHub/VisualIdeasBook/data/images/f3c8c479a4856823f006dd4dbdec07a0.png>
 [34]
File: C:/GitHub/VisualIdeasBook/data/images/a63a99c60eb0ddf4b9ba25859ff33661.pn
g Graphic file (type bmp)
<C:/GitHub/VisualIdeasBook/data/images/a63a99c60eb0ddf4b9ba25859ff33661.png>
 [35]
File: C:/GitHub/VisualIdeasBook/data/images/503f6b35b967b6ae47a9c1f99a5367e3.pn
g Graphic file (type bmp)
<C:/GitHub/VisualIdeasBook/data/images/503f6b35b967b6ae47a9c1f99a5367e3.png>
 [36]
File: C:/GitHub/VisualIdeasBook/data/images/a805c243f8b393c74310115be856084e.pn
g Graphic file (type bmp)
<C:/GitHub/VisualIdeasBook/data/images/a805c243f8b393c74310115be856084e.png>
 [37]
File: C:/GitHub/VisualIdeasBook/data/images/630ecc5198b8512a2ad8272038ed66bb.pn
g Graphic file (type bmp)
<C:/GitHub/VisualIdeasBook/data/images/630ecc5198b8512a2ad8272038ed66bb.png>
 [38]
File: C:/GitHub/VisualIdeasBook/data/images/e4cdf7e00d13e62329d9b688265dc5a4.pn
g Graphic file (type bmp)
<C:/GitHub/VisualIdeasBook/data/images/e4cdf7e00d13e62329d9b688265dc5a4.png>
 [39]
File: C:/GitHub/VisualIdeasBook/data/images/ecf16e85deb3bf9c9e27c714dfc09374.pn
g Graphic file (type bmp)
<C:/GitHub/VisualIdeasBook/data/images/ecf16e85deb3bf9c9e27c714dfc09374.png>
File: C:/GitHub/VisualIdeasBook/data/images/3e4fee0486287afc4ec882cb8411c3d5.pn
g Graphic file (type bmp)
<C:/GitHub/VisualIdeasBook/data/images/3e4fee0486287afc4ec882cb8411c3d5.png>
 [40]
File: C:/GitHub/VisualIdeasBook/data/images/5ae69c5bc648b9f5cd740f5e0080bb94.pn
g Graphic file (type bmp)
<C:/GitHub/VisualIdeasBook/data/images/5ae69c5bc648b9f5cd740f5e0080bb94.png>
 [41]
File: C:/GitHub/VisualIdeasBook/data/images/d10b157208e23ee754caa35794bf3965.pn
g Graphic file (type bmp)
<C:/GitHub/VisualIdeasBook/data/images/d10b157208e23ee754caa35794bf3965.png>
 [42]
File: C:/GitHub/VisualIdeasBook/data/images/b43f0eee90b1f626551c065cb16051d5.pn
g Graphic file (type bmp)
<C:/GitHub/VisualIdeasBook/data/images/b43f0eee90b1f626551c065cb16051d5.png>
 [43]
File: C:/GitHub/VisualIdeasBook/data/images/c272761b4b39b14bc97b6e36580a9cbe.pn
g Graphic file (type bmp)
<C:/GitHub/VisualIdeasBook/data/images/c272761b4b39b14bc97b6e36580a9cbe.png>
 [44]
File: C:/GitHub/VisualIdeasBook/data/images/34dfbfbf68ffcffd6e56a4a8ba7d96c8.pn
g Graphic file (type bmp)
<C:/GitHub/VisualIdeasBook/data/images/34dfbfbf68ffcffd6e56a4a8ba7d96c8.png>
 [45]
File: C:/GitHub/VisualIdeasBook/data/images/3f66053afd01580c3f08eac02a873fed.pn
g Graphic file (type bmp)
<C:/GitHub/VisualIdeasBook/data/images/3f66053afd01580c3f08eac02a873fed.png>
 [46]
File: C:/GitHub/VisualIdeasBook/data/images/d3b0b6c5904017573a85006d404c3019.pn
g Graphic file (type bmp)
<C:/GitHub/VisualIdeasBook/data/images/d3b0b6c5904017573a85006d404c3019.png>

[47]
File: C:/GitHub/VisualIdeasBook/data/images/9b252e1d36c5774778e0063beb8ce7b2.pn
g Graphic file (type bmp)
<C:/GitHub/VisualIdeasBook/data/images/9b252e1d36c5774778e0063beb8ce7b2.png>
 [48]
File: C:/GitHub/VisualIdeasBook/data/images/6072056478874332b36e4fd95207e563.pn
g Graphic file (type bmp)
<C:/GitHub/VisualIdeasBook/data/images/6072056478874332b36e4fd95207e563.png>
 [49]
File: C:/GitHub/VisualIdeasBook/data/images/79488b2225fb6784f879b6cbbe80c608.pn
g Graphic file (type bmp)
<C:/GitHub/VisualIdeasBook/data/images/79488b2225fb6784f879b6cbbe80c608.png>
 [50]
File: C:/GitHub/VisualIdeasBook/data/images/504cd821383602c220a0c9f984868b3f.pn
g Graphic file (type bmp)
<C:/GitHub/VisualIdeasBook/data/images/504cd821383602c220a0c9f984868b3f.png>
 [51]
File: C:/GitHub/VisualIdeasBook/data/images/61b25f9cc21dc98f828d34e41261ac0e.pn
g Graphic file (type bmp)
<C:/GitHub/VisualIdeasBook/data/images/61b25f9cc21dc98f828d34e41261ac0e.png>
 [52]
File: C:/GitHub/VisualIdeasBook/data/images/75e01585917ca476866eec3e4de50eaa.pn
g Graphic file (type bmp)
<C:/GitHub/VisualIdeasBook/data/images/75e01585917ca476866eec3e4de50eaa.png>
 [53]
File: C:/GitHub/VisualIdeasBook/data/images/1ddc562f6df45b23634a5d064f3ece99.pn
g Graphic file (type bmp)
<C:/GitHub/VisualIdeasBook/data/images/1ddc562f6df45b23634a5d064f3ece99.png>
 [54]
File: C:/GitHub/VisualIdeasBook/data/images/3653bb3f6faaccaf8f34032f1d2ff363.pn
g Graphic file (type bmp)
<C:/GitHub/VisualIdeasBook/data/images/3653bb3f6faaccaf8f34032f1d2ff363.png>
 [55]
File: C:/GitHub/VisualIdeasBook/data/images/6e5a6891b641419163fa291467e87ae7.pn
g Graphic file (type bmp)
<C:/GitHub/VisualIdeasBook/data/images/6e5a6891b641419163fa291467e87ae7.png>
 [56]
File: C:/GitHub/VisualIdeasBook/data/images/db30550bb50e4ed15838165603c484eb.pn
g Graphic file (type bmp)
<C:/GitHub/VisualIdeasBook/data/images/db30550bb50e4ed15838165603c484eb.png>
 [57]
File: C:/GitHub/VisualIdeasBook/data/images/e2279be7724c25f806a8a3882e69d1e4.pn
g Graphic file (type bmp)
<C:/GitHub/VisualIdeasBook/data/images/e2279be7724c25f806a8a3882e69d1e4.png>
 [58]
File: C:/GitHub/VisualIdeasBook/data/images/04b8e093afdbfbde13e2415e4f7923ef.pn
g Graphic file (type bmp)
<C:/GitHub/VisualIdeasBook/data/images/04b8e093afdbfbde13e2415e4f7923ef.png>
 [59]
File: C:/GitHub/VisualIdeasBook/data/images/3943cb56e0fc88deaf54286864b250d3.pn
g Graphic file (type bmp)
<C:/GitHub/VisualIdeasBook/data/images/3943cb56e0fc88deaf54286864b250d3.png>
 [60]
File: C:/GitHub/VisualIdeasBook/data/images/b00a1548d330ba327803eb0a29582711.pn
g Graphic file (type bmp)
<C:/GitHub/VisualIdeasBook/data/images/b00a1548d330ba327803eb0a29582711.png>
 [61]
File: C:/GitHub/VisualIdeasBook/data/images/b895e36605db1947861ca587163275b7.pn
g Graphic file (type bmp)
<C:/GitHub/VisualIdeasBook/data/images/b895e36605db1947861ca587163275b7.png>

[62]
File: C:/GitHub/VisualIdeasBook/data/images/1f461a4e51b14ffcdfe9a0f758ff9b37.pn
g Graphic file (type bmp)
<C:/GitHub/VisualIdeasBook/data/images/1f461a4e51b14ffcdfe9a0f758ff9b37.png>
 [63]
File: C:/GitHub/VisualIdeasBook/data/images/33867e956aa95ebd6c768779a125c99f.pn
g Graphic file (type bmp)
<C:/GitHub/VisualIdeasBook/data/images/33867e956aa95ebd6c768779a125c99f.png>
 [64]
File: C:/GitHub/VisualIdeasBook/data/images/3e6774281f7367e1bf846208d417dfcc.pn
g Graphic file (type bmp)
<C:/GitHub/VisualIdeasBook/data/images/3e6774281f7367e1bf846208d417dfcc.png>
 [65]
File: C:/GitHub/VisualIdeasBook/data/images/3af18e080df5ebfafe96ac38e039d4d6.pn
g Graphic file (type bmp)
<C:/GitHub/VisualIdeasBook/data/images/3af18e080df5ebfafe96ac38e039d4d6.png>
 [66]
File: C:/GitHub/VisualIdeasBook/data/images/d13d2644bdafa7b183c6b74a49b9735d.pn
g Graphic file (type bmp)
<C:/GitHub/VisualIdeasBook/data/images/d13d2644bdafa7b183c6b74a49b9735d.png>
 [67]

enddocument/afterlastpage (AED): lastpage setting LastPage.
(archive_2024.aux)
 ***********
LaTeX2e <2025-11-01>
L3 programming layer <2026-03-20>
 ***********
 ) 
Here is how much of TeX's memory you used:
 6418 strings out of 402807
 190272 string characters out of 5444721
 600485 words of memory out of 5000000
 35170 multiletter control sequences out of 15000+600000
 630644 words of font info for 72 fonts, out of 8000000 for 9000
 1348 hyphenation exceptions out of 8191
 93i,12n,110p,568b,414s stack positions out of 10000i,1000n,20000p,200000b,200000s

Output written on archive_2024.pdf (67 pages).
