This is XeTeX, Version 3.141592653-2.6-0.999998 (MiKTeX 26.2) (preloaded format=xelatex 2026.5.13)  13 MAY 2026 18:21
entering extended mode
 restricted \write18 enabled.
 %&-line parsing enabled.
**./archive_2026.tex
(archive_2026.tex
LaTeX2e <2025-11-01>
L3 programming layer <2026-03-20>
(C:\Users\James\AppData\Local\Programs\MiKTeX\tex/latex/base\article.cls
Document Class: article 2025/01/22 v1.4n Standard LaTeX document class
(C:\Users\James\AppData\Local\Programs\MiKTeX\tex/latex/base\size11.clo
File: size11.clo 2025/01/22 v1.4n Standard LaTeX file (size option)
)
\c@part=\count271
\c@section=\count272
\c@subsection=\count273
\c@subsubsection=\count274
\c@paragraph=\count275
\c@subparagraph=\count276
\c@figure=\count277
\c@table=\count278
\abovecaptionskip=\skip49
\belowcaptionskip=\skip50
\bibindent=\dimen150
)
(C:\Users\James\AppData\Local\Programs\MiKTeX\tex/latex/geometry\geometry.sty
Package: geometry 2026/03/07 v6.0 Page Geometry

(C:\Users\James\AppData\Local\Programs\MiKTeX\tex/latex/graphics\keyval.sty
Package: keyval 2022/05/29 v1.15 key=value parser (DPC)
\KV@toks@=\toks17
)
(C:\Users\James\AppData\Local\Programs\MiKTeX\tex/generic/iftex\ifvtex.sty
Package: ifvtex 2019/10/25 v1.7 ifvtex legacy package. Use iftex instead.

(C:\Users\James\AppData\Local\Programs\MiKTeX\tex/generic/iftex\iftex.sty
Package: iftex 2024/12/12 v1.0g TeX engine tests
))
\Gm@cnth=\count279
\Gm@cntv=\count280
\c@Gm@tempcnt=\count281
\Gm@bindingoffset=\dimen151
\Gm@wd@mp=\dimen152
\Gm@odd@mp=\dimen153
\Gm@even@mp=\dimen154
\Gm@layoutwidth=\dimen155
\Gm@layoutheight=\dimen156
\Gm@layouthoffset=\dimen157
\Gm@layoutvoffset=\dimen158
\Gm@dimlist=\toks18

(C:\Users\James\AppData\Local\Programs\MiKTeX\tex/latex/geometry\geometry.cfg))
(C:\Users\James\AppData\Local\Programs\MiKTeX\tex/latex/graphics\graphicx.sty
Package: graphicx 2024/12/31 v1.2e Enhanced LaTeX Graphics (DPC,SPQR)

(C:\Users\James\AppData\Local\Programs\MiKTeX\tex/latex/graphics\graphics.sty
Package: graphics 2024/08/06 v1.4g Standard LaTeX Graphics (DPC,SPQR)

(C:\Users\James\AppData\Local\Programs\MiKTeX\tex/latex/graphics\trig.sty
Package: trig 2023/12/02 v1.11 sin cos tan (DPC)
)
(C:\Users\James\AppData\Local\Programs\MiKTeX\tex/latex/graphics-cfg\graphics.c
fg
File: graphics.cfg 2016/06/04 v1.11 sample graphics configuration
)
Package graphics Info: Driver file: xetex.def on input line 106.

(C:\Users\James\AppData\Local\Programs\MiKTeX\tex/latex/graphics-def\xetex.def
File: xetex.def 2025/11/01 v5.0p Graphics/color driver for xetex
))
\Gin@req@height=\dimen159
\Gin@req@width=\dimen160
) (C:\Users\James\AppData\Local\Programs\MiKTeX\tex/latex/xcolor\xcolor.sty
Package: xcolor 2024/09/29 v3.02 LaTeX color extensions (UK)

(C:\Users\James\AppData\Local\Programs\MiKTeX\tex/latex/graphics-cfg\color.cfg
File: color.cfg 2016/01/02 v1.6 sample color configuration
)
Package xcolor Info: Driver file: xetex.def on input line 274.
(C:\Users\James\AppData\Local\Programs\MiKTeX\tex/latex/graphics\mathcolor.ltx)
Package xcolor Info: Model `cmy' substituted by `cmy0' on input line 1349.
Package xcolor Info: Model `RGB' extended on input line 1365.
Package xcolor Info: Model `HTML' substituted by `rgb' on input line 1367.
Package xcolor Info: Model `Hsb' substituted by `hsb' on input line 1368.
Package xcolor Info: Model `tHsb' substituted by `hsb' on input line 1369.
Package xcolor Info: Model `HSB' substituted by `hsb' on input line 1370.
Package xcolor Info: Model `Gray' substituted by `gray' on input line 1371.
Package xcolor Info: Model `wave' substituted by `hsb' on input line 1372.
) (C:\Users\James\AppData\Local\Programs\MiKTeX\tex/latex/fancyhdr\fancyhdr.sty
Package: fancyhdr 2025/02/07 v5.2 Extensive control of page headers and footers

\f@nch@headwidth=\skip51
\f@nch@offset@elh=\skip52
\f@nch@offset@erh=\skip53
\f@nch@offset@olh=\skip54
\f@nch@offset@orh=\skip55
\f@nch@offset@elf=\skip56
\f@nch@offset@erf=\skip57
\f@nch@offset@olf=\skip58
\f@nch@offset@orf=\skip59
\f@nch@height=\skip60
\f@nch@footalignment=\skip61
\f@nch@widthL=\skip62
\f@nch@widthC=\skip63
\f@nch@widthR=\skip64
\@temptokenb=\toks19
) (C:\Users\James\AppData\Local\Programs\MiKTeX\tex/latex/parskip\parskip.sty
Package: parskip 2021-03-14 v2.0h non-zero parskip adjustments

(C:\Users\James\AppData\Local\Programs\MiKTeX\tex/latex/kvoptions\kvoptions.sty
Package: kvoptions 2022-06-15 v3.15 Key value format for package options (HO)
(C:\Users\James\AppData\Local\Programs\MiKTeX\tex/generic/ltxcmds\ltxcmds.sty
Package: ltxcmds 2023-12-04 v1.26 LaTeX kernel commands for general use (HO)
)
(C:\Users\James\AppData\Local\Programs\MiKTeX\tex/latex/kvsetkeys\kvsetkeys.sty
Package: kvsetkeys 2022-10-05 v1.19 Key value parser (HO)
))
(C:\Users\James\AppData\Local\Programs\MiKTeX\tex/latex/etoolbox\etoolbox.sty
Package: etoolbox 2025/10/02 v2.5m e-TeX tools for LaTeX (JAW)
\etb@tempcnta=\count282
)) (C:\Users\James\AppData\Local\Programs\MiKTeX\tex/latex/ragged2e\ragged2e.st
y
Package: ragged2e 2023/06/22 v3.6 ragged2e Package
\CenteringLeftskip=\skip65
\RaggedLeftLeftskip=\skip66
\RaggedRightLeftskip=\skip67
\CenteringRightskip=\skip68
\RaggedLeftRightskip=\skip69
\RaggedRightRightskip=\skip70
\CenteringParfillskip=\skip71
\RaggedLeftParfillskip=\skip72
\RaggedRightParfillskip=\skip73
\JustifyingParfillskip=\skip74
\CenteringParindent=\skip75
\RaggedLeftParindent=\skip76
\RaggedRightParindent=\skip77
\JustifyingParindent=\skip78
) (C:\Users\James\AppData\Local\Programs\MiKTeX\tex/latex/fontspec\fontspec.sty

(C:\Users\James\AppData\Local\Programs\MiKTeX\tex/latex/l3packages/xparse\xpars
e.sty
(C:\Users\James\AppData\Local\Programs\MiKTeX\tex/latex/l3kernel\expl3.sty
Package: expl3 2026-03-20 L3 programming layer (loader) 

(C:\Users\James\AppData\Local\Programs\MiKTeX\tex/latex/l3backend\l3backend-xet
ex.def
File: l3backend-xetex.def 2026-02-18 L3 backend support: XeTeX
\g__graphics_track_int=\count283
\g__pdfannot_backend_int=\count284
\g__pdfannot_backend_link_int=\count285
))
Package: xparse 2025-10-09 L3 Experimental document command parser
)
Package: fontspec 2025/09/29 v2.9g Font selection for XeLaTeX and LuaLaTeX

(C:\Users\James\AppData\Local\Programs\MiKTeX\tex/latex/fontspec\fontspec-xetex
.sty
Package: fontspec-xetex 2025/09/29 v2.9g Font selection for XeLaTeX and LuaLaTe
X
\l__fontspec_script_int=\count286
\l__fontspec_language_int=\count287
\l__fontspec_strnum_int=\count288
\l__fontspec_tmp_int=\count289
\l__fontspec_tmpa_int=\count290
\l__fontspec_tmpb_int=\count291
\l__fontspec_tmpc_int=\count292
\l__fontspec_em_int=\count293
\l__fontspec_emdef_int=\count294
\l__fontspec_strong_int=\count295
\l__fontspec_strongdef_int=\count296
\l__fontspec_tmpa_dim=\dimen161
\l__fontspec_tmpb_dim=\dimen162
\l__fontspec_tmpc_dim=\dimen163
 (C:\Users\James\AppData\Local\Programs\MiKTeX\tex/latex/base\fontenc.sty
Package: fontenc 2025/07/18 v2.1d Standard LaTeX package
)
(C:\Users\James\AppData\Local\Programs\MiKTeX\tex/latex/fontspec\fontspec.cfg))
) (C:\Users\James\AppData\Local\Programs\MiKTeX\tex/latex/lastpage\lastpage.sty
Package: lastpage 2025/08/14 v2.1h lastpage: 2.09 or 2e? (HMM)

(C:\Users\James\AppData\Local\Programs\MiKTeX\tex/latex/lastpage\lastpage2e.sty
Package: lastpage2e 2025/08/14 v2.1h Decide which 2e lastpage version to use (H
MM)

(C:\Users\James\AppData\Local\Programs\MiKTeX\tex/latex/lastpage\lastpagemodern
.sty
Package: lastpagemodern 2025-08-14 v2.1h Refers to last page's name (HMM; JPG)
\c@lastpagecount=\count297
) 
))

Package fontspec Info: 
(fontspec)             Font family 'Arial(0)' created for font 'Arial' with
(fontspec)             options [Ligatures=TeX].
(fontspec)              
(fontspec)              This font family consists of the following NFSS
(fontspec)             series/shapes:
(fontspec)              
(fontspec)             - 'normal' (m/n) with NFSS spec.:
(fontspec)             <->"Arial/OT:script=latn;language=dflt;mapping=tex-text;
"
(fontspec)             - 'small caps'  (m/sc) with NFSS spec.:
(fontspec)             <->"Arial/OT:script=latn;language=dflt;+smcp;mapping=tex
-text;"
(fontspec)             - 'bold' (b/n) with NFSS spec.:
(fontspec)             <->"Arial/B/OT:script=latn;language=dflt;mapping=tex-tex
t;"
(fontspec)             - 'bold small caps'  (b/sc) with NFSS spec.:
(fontspec)             <->"Arial/B/OT:script=latn;language=dflt;+smcp;mapping=t
ex-text;"
(fontspec)             - 'italic' (m/it) with NFSS spec.:
(fontspec)             <->"Arial/I/OT:script=latn;language=dflt;mapping=tex-tex
t;"
(fontspec)             - 'italic small caps'  (m/scit) with NFSS spec.:
(fontspec)             <->"Arial/I/OT:script=latn;language=dflt;+smcp;mapping=t
ex-text;"
(fontspec)             - 'bold italic' (b/it) with NFSS spec.:
(fontspec)             <->"Arial/BI/OT:script=latn;language=dflt;mapping=tex-te
xt;"
(fontspec)             - 'bold italic small caps'  (b/scit) with NFSS spec.:
(fontspec)             <->"Arial/BI/OT:script=latn;language=dflt;+smcp;mapping=
tex-text;"

 (archive_2026.aux)
\openout1 = `archive_2026.aux'.

LaTeX Font Info:    Checking defaults for OML/cmm/m/it on input line 44.
LaTeX Font Info:    ... okay on input line 44.
LaTeX Font Info:    Checking defaults for OMS/cmsy/m/n on input line 44.
LaTeX Font Info:    ... okay on input line 44.
LaTeX Font Info:    Checking defaults for OT1/cmr/m/n on input line 44.
LaTeX Font Info:    ... okay on input line 44.
LaTeX Font Info:    Checking defaults for T1/cmr/m/n on input line 44.
LaTeX Font Info:    ... okay on input line 44.
LaTeX Font Info:    Checking defaults for TS1/cmr/m/n on input line 44.
LaTeX Font Info:    ... okay on input line 44.
LaTeX Font Info:    Checking defaults for TU/lmr/m/n on input line 44.
LaTeX Font Info:    ... okay on input line 44.
LaTeX Font Info:    Checking defaults for OMX/cmex/m/n on input line 44.
LaTeX Font Info:    ... okay on input line 44.
LaTeX Font Info:    Checking defaults for U/cmr/m/n on input line 44.
LaTeX Font Info:    ... okay on input line 44.

*geometry* driver: auto-detecting
*geometry* detected driver: xetex
*geometry* verbose mode - [ preamble ] result:
* driver: xetex
* paper: custom
* layout: <same size as paper>
* layoutoffset:(h,v)=(0.0pt,0.0pt)
* modes: 
* h-part:(L,W,R)=(51.21495pt, 398.3386pt, 51.21495pt)
* v-part:(T,H,B)=(51.21495pt, 597.50789pt, 62.59605pt)
* \paperwidth=500.7685pt
* \paperheight=711.3189pt
* \textwidth=398.3386pt
* \textheight=597.50789pt
* \oddsidemargin=-21.05504pt
* \evensidemargin=-21.05504pt
* \topmargin=-58.05504pt
* \headheight=12.0pt
* \headsep=25.0pt
* \topskip=11.0pt
* \footskip=28.45274pt
* \marginparwidth=59.0pt
* \marginparsep=10.0pt
* \columnsep=10.0pt
* \skip\footins=10.0pt plus 4.0pt minus 2.0pt
* \hoffset=0.0pt
* \voffset=0.0pt
* \mag=1000
* \@twocolumnfalse
* \@twosidefalse
* \@mparswitchfalse
* \@reversemarginfalse
* (1in=72.27pt=25.4mm, 1cm=28.453pt)


Package fontspec Info: 
(fontspec)             Adjusting the maths setup (use [no-math] to avoid
(fontspec)             this).

\symlegacymaths=\mathgroup4
LaTeX Font Info:    Overwriting symbol font `legacymaths' in version `bold'
(Font)                  OT1/cmr/m/n --> OT1/cmr/bx/n on input line 44.
LaTeX Font Info:    Redeclaring math accent \acute on input line 44.
LaTeX Font Info:    Redeclaring math accent \grave on input line 44.
LaTeX Font Info:    Redeclaring math accent \ddot on input line 44.
LaTeX Font Info:    Redeclaring math accent \tilde on input line 44.
LaTeX Font Info:    Redeclaring math accent \bar on input line 44.
LaTeX Font Info:    Redeclaring math accent \breve on input line 44.
LaTeX Font Info:    Redeclaring math accent \check on input line 44.
LaTeX Font Info:    Redeclaring math accent \hat on input line 44.
LaTeX Font Info:    Redeclaring math accent \dot on input line 44.
LaTeX Font Info:    Redeclaring math accent \mathring on input line 44.
LaTeX Font Info:    Redeclaring math symbol \colon on input line 44.
LaTeX Font Info:    Redeclaring math symbol \Gamma on input line 44.
LaTeX Font Info:    Redeclaring math symbol \Delta on input line 44.
LaTeX Font Info:    Redeclaring math symbol \Theta on input line 44.
LaTeX Font Info:    Redeclaring math symbol \Lambda on input line 44.
LaTeX Font Info:    Redeclaring math symbol \Xi on input line 44.
LaTeX Font Info:    Redeclaring math symbol \Pi on input line 44.
LaTeX Font Info:    Redeclaring math symbol \Sigma on input line 44.
LaTeX Font Info:    Redeclaring math symbol \Upsilon on input line 44.
LaTeX Font Info:    Redeclaring math symbol \Phi on input line 44.
LaTeX Font Info:    Redeclaring math symbol \Psi on input line 44.
LaTeX Font Info:    Redeclaring math symbol \Omega on input line 44.
LaTeX Font Info:    Redeclaring math symbol \mathdollar on input line 44.
LaTeX Font Info:    Redeclaring symbol font `operators' on input line 44.
LaTeX Font Info:    Encoding `OT1' has changed to `TU' for symbol font
(Font)              `operators' in the math version `normal' on input line 44.
LaTeX Font Info:    Overwriting symbol font `operators' in version `normal'
(Font)                  OT1/cmr/m/n --> TU/Arial(0)/m/n on input line 44.
LaTeX Font Info:    Encoding `OT1' has changed to `TU' for symbol font
(Font)              `operators' in the math version `bold' on input line 44.
LaTeX Font Info:    Overwriting symbol font `operators' in version `bold'
(Font)                  OT1/cmr/bx/n --> TU/Arial(0)/m/n on input line 44.
LaTeX Font Info:    Overwriting symbol font `operators' in version `normal'
(Font)                  TU/Arial(0)/m/n --> TU/Arial(0)/m/n on input line 44.
LaTeX Font Info:    Overwriting math alphabet `\mathit' in version `normal'
(Font)                  OT1/cmr/m/it --> TU/Arial(0)/m/it on input line 44.
LaTeX Font Info:    Overwriting math alphabet `\mathbf' in version `normal'
(Font)                  OT1/cmr/bx/n --> TU/Arial(0)/b/n on input line 44.
LaTeX Font Info:    Overwriting math alphabet `\mathsf' in version `normal'
(Font)                  OT1/cmss/m/n --> TU/lmss/m/n on input line 44.
LaTeX Font Info:    Overwriting math alphabet `\mathtt' in version `normal'
(Font)                  OT1/cmtt/m/n --> TU/lmtt/m/n on input line 44.
LaTeX Font Info:    Overwriting symbol font `operators' in version `bold'
(Font)                  TU/Arial(0)/m/n --> TU/Arial(0)/b/n on input line 44.
LaTeX Font Info:    Overwriting math alphabet `\mathit' in version `bold'
(Font)                  OT1/cmr/bx/it --> TU/Arial(0)/b/it on input line 44.
LaTeX Font Info:    Overwriting math alphabet `\mathsf' in version `bold'
(Font)                  OT1/cmss/bx/n --> TU/lmss/b/n on input line 44.
LaTeX Font Info:    Overwriting math alphabet `\mathtt' in version `bold'
(Font)                  OT1/cmtt/m/n --> TU/lmtt/b/n on input line 44.

(entries/2026/2026-01-13_the-bumps-you-re-feeling-doesn-t-mean-you-re-on-the-wr
ong-road_INTERESTING.tex
File: C:/Users/James/Documents/GitHub/VisualIdeasBook/data/images/1c3f24277f09c
12de45dcd741d0c4983.png Graphic file (type bmp)
<C:/Users/James/Documents/GitHub/VisualIdeasBook/data/images/1c3f24277f09c12de4
5dcd741d0c4983.png>
) [1

]
(entries/2026/2026-01-13_the-bumps-you-re-feeling-doesn-t-mean-you-re-on-the-wr
ong-road_ENCHANTING.tex
File: C:/Users/James/Documents/GitHub/VisualIdeasBook/data/images/b624ac186d6b2
c721c0aad2839a04d36.png Graphic file (type bmp)
<C:/Users/James/Documents/GitHub/VisualIdeasBook/data/images/b624ac186d6b2c721c
0aad2839a04d36.png>
LaTeX Font Info:    External font `cmex10' loaded for size
(Font)              <10.95> on input line 15.
LaTeX Font Info:    External font `cmex10' loaded for size
(Font)              <8> on input line 15.
LaTeX Font Info:    External font `cmex10' loaded for size
(Font)              <6> on input line 15.
) [2]
(entries/2026/2026-01-13_the-bumps-you-re-feeling-doesn-t-mean-you-re-on-the-wr
ong-road_ANALOGY.tex
File: C:/Users/James/Documents/GitHub/VisualIdeasBook/data/images/6e31475a54eb1
30650ce3a71d89fa176.png Graphic file (type bmp)
<C:/Users/James/Documents/GitHub/VisualIdeasBook/data/images/6e31475a54eb130650
ce3a71d89fa176.png>
) [3]
(entries/2026/2026-01-28_you-re-not-the-problem-the-problem-is-the-problem_INTE
RESTING.tex
File: C:/Users/James/Documents/GitHub/VisualIdeasBook/data/images/9b62519e7c092
248527622bef1bcc233.png Graphic file (type bmp)
<C:/Users/James/Documents/GitHub/VisualIdeasBook/data/images/9b62519e7c09224852
7622bef1bcc233.png>
) [4]
(entries/2026/2026-02-10_why-you-should-always-root-for-yourself_INTERESTING.te
x
File: C:/Users/James/Documents/GitHub/VisualIdeasBook/data/images/6e1af08dadef7
3ecf733b5aac609c806.png Graphic file (type bmp)
<C:/Users/James/Documents/GitHub/VisualIdeasBook/data/images/6e1af08dadef73ecf7
33b5aac609c806.png>
) [5]
(entries/2026/2026-02-10_why-you-should-always-root-for-yourself_DESIGN.tex
File: C:/Users/James/Documents/GitHub/VisualIdeasBook/data/images/c5eb36cc238bc
769c8705a2214504767.png Graphic file (type bmp)
<C:/Users/James/Documents/GitHub/VisualIdeasBook/data/images/c5eb36cc238bc769c8
705a2214504767.png>
)
[6]
(entries/2026/2026-02-10_why-you-should-always-root-for-yourself_ENCHANTING.tex
File: C:/Users/James/Documents/GitHub/VisualIdeasBook/data/images/1806bf19516de
7db8d1557df857bb67d.png Graphic file (type bmp)
<C:/Users/James/Documents/GitHub/VisualIdeasBook/data/images/1806bf19516de7db8d
1557df857bb67d.png>
) [7] (entries/2026/2026-02-24_how-purpose-is-like-a-candle_DESIGN.tex
File: C:/Users/James/Documents/GitHub/VisualIdeasBook/data/images/206a6bcd11f59
d99cae9e2be54ffe47b.png Graphic file (type bmp)
<C:/Users/James/Documents/GitHub/VisualIdeasBook/data/images/206a6bcd11f59d99ca
e9e2be54ffe47b.png>
File: C:/Users/James/Documents/GitHub/VisualIdeasBook/data/images/360af0cbadb52
5e1100d06f1d9eff3d5.png Graphic file (type bmp)
<C:/Users/James/Documents/GitHub/VisualIdeasBook/data/images/360af0cbadb525e110
0d06f1d9eff3d5.png>
)
[8] (entries/2026/2026-02-24_how-purpose-is-like-a-candle_ENCHANTING.tex
File: C:/Users/James/Documents/GitHub/VisualIdeasBook/data/images/577d3e87f8499
7e691ef251f8cb14ec7.png Graphic file (type bmp)
<C:/Users/James/Documents/GitHub/VisualIdeasBook/data/images/577d3e87f84997e691
ef251f8cb14ec7.png>
)
[9] (entries/2026/2026-02-24_how-purpose-is-like-a-candle_ANALOGY.tex
File: C:/Users/James/Documents/GitHub/VisualIdeasBook/data/images/110f5079ea398
28ca1bc9b43746fd9de.png Graphic file (type bmp)
<C:/Users/James/Documents/GitHub/VisualIdeasBook/data/images/110f5079ea39828ca1
bc9b43746fd9de.png>
) [10]
(entries/2026/2026-03-18_the-myth-of-being-ready_ANALOGY.tex
File: C:/Users/James/Documents/GitHub/VisualIdeasBook/data/images/0ef221e87d442
ec14cc74f0c349e8624.png Graphic file (type bmp)
<C:/Users/James/Documents/GitHub/VisualIdeasBook/data/images/0ef221e87d442ec14c
c74f0c349e8624.png>
) [11]
(entries/2026/2026-04-01_how-emotions-are-like-threads_INTERESTING.tex
File: C:/Users/James/Documents/GitHub/VisualIdeasBook/data/images/a239411ade075
a042d60ee64b2840ff9.png Graphic file (type bmp)
<C:/Users/James/Documents/GitHub/VisualIdeasBook/data/images/a239411ade075a042d
60ee64b2840ff9.png>
)
[12] (entries/2026/2026-04-01_how-emotions-are-like-threads_DESIGN.tex
File: C:/Users/James/Documents/GitHub/VisualIdeasBook/data/images/8d16d9ccd4c67
d5996d4001453f22ed9.png Graphic file (type bmp)
<C:/Users/James/Documents/GitHub/VisualIdeasBook/data/images/8d16d9ccd4c67d5996
d4001453f22ed9.png>
)
[13] (entries/2026/2026-04-01_how-emotions-are-like-threads_ENCHANTING.tex
File: C:/Users/James/Documents/GitHub/VisualIdeasBook/data/images/8c77158eca385
71c8eb5b15b665d058d.png Graphic file (type bmp)
<C:/Users/James/Documents/GitHub/VisualIdeasBook/data/images/8c77158eca38571c8e
b5b15b665d058d.png>
)
[14] (entries/2026/2026-04-01_how-emotions-are-like-threads_ANALOGY.tex
File: C:/Users/James/Documents/GitHub/VisualIdeasBook/data/images/941d2ce77ca08
c422e674d03443733e4.png Graphic file (type bmp)
<C:/Users/James/Documents/GitHub/VisualIdeasBook/data/images/941d2ce77ca08c422e
674d03443733e4.png>
)
[15]
(entries/2026/2026-04-15_the-power-of-mistakes-and-discipline_INTERESTING.tex
File: C:/Users/James/Documents/GitHub/VisualIdeasBook/data/images/8d719fbe84441
e7d9bbc5cb038c7c191.png Graphic file (type bmp)
<C:/Users/James/Documents/GitHub/VisualIdeasBook/data/images/8d719fbe84441e7d9b
bc5cb038c7c191.png>
)
[16] (entries/2026/2026-04-15_the-power-of-mistakes-and-discipline_DESIGN.tex
File: C:/Users/James/Documents/GitHub/VisualIdeasBook/data/images/e8afd1bcc5867
9befd1678ab97648ea7.png Graphic file (type bmp)
<C:/Users/James/Documents/GitHub/VisualIdeasBook/data/images/e8afd1bcc58679befd
1678ab97648ea7.png>
)
[17]
(entries/2026/2026-04-15_the-power-of-mistakes-and-discipline_ENCHANTING.tex
File: C:/Users/James/Documents/GitHub/VisualIdeasBook/data/images/56f17e095666f
c73782ca7c7751b06f3.png Graphic file (type bmp)
<C:/Users/James/Documents/GitHub/VisualIdeasBook/data/images/56f17e095666fc7378
2ca7c7751b06f3.png>
)
[18] (entries/2026/2026-04-15_the-power-of-mistakes-and-discipline_ANALOGY.tex
File: C:/Users/James/Documents/GitHub/VisualIdeasBook/data/images/366138628c6e1
fe03d16f46e8462031c.png Graphic file (type bmp)
<C:/Users/James/Documents/GitHub/VisualIdeasBook/data/images/366138628c6e1fe03d
16f46e8462031c.png>
) [19] (entries/2026/2026-04-29_the-2-types-of-talent_INTERESTING.tex
File: C:/Users/James/Documents/GitHub/VisualIdeasBook/data/images/7107960c2e819
8a17e4cc17dbd1fa19b.png Graphic file (type bmp)
<C:/Users/James/Documents/GitHub/VisualIdeasBook/data/images/7107960c2e8198a17e
4cc17dbd1fa19b.png>
) [20]
(entries/2026/2026-04-29_the-2-types-of-talent_DESIGN.tex
File: C:/Users/James/Documents/GitHub/VisualIdeasBook/data/images/3c882e734f13c
f94ac84b6d6ae8320b4.png Graphic file (type bmp)
<C:/Users/James/Documents/GitHub/VisualIdeasBook/data/images/3c882e734f13cf94ac
84b6d6ae8320b4.png>
File: C:/Users/James/Documents/GitHub/VisualIdeasBook/data/images/53d7694b6e6f1
4e48b2fe7d216df1d13.png Graphic file (type bmp)
<C:/Users/James/Documents/GitHub/VisualIdeasBook/data/images/53d7694b6e6f14e48b
2fe7d216df1d13.png>
) [21]
(entries/2026/2026-04-29_the-2-types-of-talent_ANALOGY.tex
File: C:/Users/James/Documents/GitHub/VisualIdeasBook/data/images/55e95c38ee4df
9b4346b15c280a6efae.png Graphic file (type bmp)
<C:/Users/James/Documents/GitHub/VisualIdeasBook/data/images/55e95c38ee4df9b434
6b15c280a6efae.png>
) [22]

enddocument/afterlastpage (AED): lastpage setting LastPage.
(archive_2026.aux)
 ***********
LaTeX2e <2025-11-01>
L3 programming layer <2026-03-20>
 ***********
 ) 
Here is how much of TeX's memory you used:
 5997 strings out of 402807
 169186 string characters out of 5445135
 598619 words of memory out of 5000000
 34745 multiletter control sequences out of 15000+600000
 630620 words of font info for 69 fonts, out of 8000000 for 9000
 1348 hyphenation exceptions out of 8191
 73i,11n,93p,528b,361s stack positions out of 10000i,1000n,20000p,200000b,200000s

Output written on archive_2026.pdf (22 pages).
